#
# There is insufficient memory for the Java Runtime Environment to continue.
# Native memory allocation (malloc) failed to allocate 131088 bytes for Chunk::new
# Possible reasons:
#   The system is out of physical RAM or swap space
#   The process is running with CompressedOops enabled, and the Java Heap may be blocking the growth of the native heap
# Possible solutions:
#   Reduce memory load on the system
#   Increase physical memory or swap space
#   Check if swap backing store is full
#   Decrease Java heap size (-Xmx/-Xms)
#   Decrease number of Java threads
#   Decrease Java thread stack sizes (-Xss)
#   Set larger code cache with -XX:ReservedCodeCacheSize=
#   JVM is running with Unscaled Compressed Oops mode in which the Java heap is
#     placed in the first 4GB address space. The Java Heap base address is the
#     maximum limit for the native heap growth. Please use -XX:HeapBaseMinAddress
#     to set the Java Heap base and to place the Java Heap above 4GB virtual address.
# This output file may be truncated or incomplete.
#
#  Out of Memory Error (allocation.cpp:389), pid=12024, tid=0x00000000000001e8
#
# JRE version: OpenJDK Runtime Environment (8.0_202-b03) (build 1.8.0_202-release-1483-b03)
# Java VM: OpenJDK 64-Bit Server VM (25.202-b03 mixed mode windows-amd64 compressed oops)
# Failed to write core dump. Minidumps are not enabled by default on client versions of Windows
#

---------------  T H R E A D  ---------------

Current thread (0x0000000016937800):  JavaThread "C2 CompilerThread0" daemon [_thread_in_native, id=488, stack(0x0000000017f70000,0x0000000018070000)]

Stack: [0x0000000017f70000,0x0000000018070000]
[error occurred during error reporting (printing stack bounds), id 0xc0000005]

Native frames: (J=compiled Java code, j=interpreted, Vv=VM code, C=native code)


Current CompileTask:
C2:  20452 2109   !   4       java.net.URLClassLoader$1::run (63 bytes)


---------------  P R O C E S S  ---------------

Java Threads: ( => current thread )
  0x00000000189d6000 JavaThread "Cache worker for file hash cache (D:\PPB\recycleview\.gradle\5.4.1\fileHashes)" [_thread_blocked, id=9976, stack(0x000000001da60000,0x000000001db60000)]
  0x00000000189d8800 JavaThread "Cache worker for journal cache (C:\Users\Admin\.gradle\caches\journal-1)" [_thread_blocked, id=2164, stack(0x000000001b5c0000,0x000000001b6c0000)]
  0x00000000189d7800 JavaThread "File lock request listener" [_thread_in_native, id=3604, stack(0x000000001b3c0000,0x000000001b4c0000)]
  0x00000000189d9000 JavaThread "Cache worker for file hash cache (C:\Users\Admin\.gradle\caches\5.4.1\fileHashes)" [_thread_blocked, id=4196, stack(0x000000001b2c0000,0x000000001b3c0000)]
  0x0000000018483000 JavaThread "Thread-9" [_thread_blocked, id=11372, stack(0x000000001b1c0000,0x000000001b2c0000)]
  0x000000001847b000 JavaThread "Stdin handler" [_thread_blocked, id=8740, stack(0x000000001b0c0000,0x000000001b1c0000)]
  0x0000000018479800 JavaThread "Asynchronous log dispatcher for DefaultDaemonConnection: socket connection from /127.0.0.1:55688 to /127.0.0.1:55689" [_thread_blocked, id=2544, stack(0x000000001afc0000,0x000000001b0c0000)]
  0x000000001830a000 JavaThread "Daemon worker" [_thread_in_native, id=6184, stack(0x000000001aec0000,0x000000001afc0000)]
  0x0000000018308800 JavaThread "Cancel handler" [_thread_blocked, id=9880, stack(0x000000001adc0000,0x000000001aec0000)]
  0x00000000184f4800 JavaThread "Handler for socket connection from /127.0.0.1:55688 to /127.0.0.1:55689" [_thread_in_native, id=11496, stack(0x000000001aac0000,0x000000001abc0000)]
  0x00000000184f3800 JavaThread "Daemon" [_thread_blocked, id=10120, stack(0x000000001a9c0000,0x000000001aac0000)]
  0x00000000184ed800 JavaThread "Daemon periodic checks" [_thread_blocked, id=8640, stack(0x000000001a8c0000,0x000000001a9c0000)]
  0x00000000189ea000 JavaThread "Incoming local TCP Connector on port 55688" [_thread_in_native, id=11684, stack(0x000000001a680000,0x000000001a780000)]
  0x00000000199cc000 JavaThread "Daemon health stats" [_thread_blocked, id=9740, stack(0x000000001a040000,0x000000001a140000)]
  0x0000000018281800 JavaThread "Service Thread" daemon [_thread_blocked, id=9712, stack(0x0000000018670000,0x0000000018770000)]
  0x000000001692f000 JavaThread "C1 CompilerThread2" daemon [_thread_blocked, id=7036, stack(0x0000000018170000,0x0000000018270000)]
  0x000000001692c000 JavaThread "C2 CompilerThread1" daemon [_thread_in_native, id=9504, stack(0x0000000018070000,0x0000000018170000)]
=>0x0000000016937800 JavaThread "C2 CompilerThread0" daemon [_thread_in_native, id=488, stack(0x0000000017f70000,0x0000000018070000)]
  0x0000000016936000 JavaThread "Attach Listener" daemon [_thread_blocked, id=2044, stack(0x0000000017e70000,0x0000000017f70000)]
  0x0000000016934800 JavaThread "Signal Dispatcher" daemon [_thread_blocked, id=6376, stack(0x0000000017d70000,0x0000000017e70000)]
  0x0000000002fbb000 JavaThread "Finalizer" daemon [_thread_blocked, id=1648, stack(0x0000000017b80000,0x0000000017c80000)]
  0x0000000016919000 JavaThread "Reference Handler" daemon [_thread_blocked, id=6568, stack(0x0000000017a80000,0x0000000017b80000)]
  0x0000000002ebe000 JavaThread "main" [_thread_blocked, id=10948, stack(0x0000000002d90000,0x0000000002e90000)]

Other Threads:
  0x00000000168f6800 VMThread [stack: 0x0000000017980000,0x0000000017a80000] [id=7112]
  0x0000000018282000 WatcherThread [stack: 0x0000000018770000,0x0000000018870000] [id=8576]

VM state:not at safepoint (normal execution)

VM Mutex/Monitor currently owned by a thread: None

heap address: 0x00000000a0000000, size: 1536 MB, Compressed Oops mode: 32-bit
Narrow klass base: 0x0000000000000000, Narrow klass shift: 3
Compressed class space size: 1073741824 Address: 0x0000000100000000

Heap:
 PSYoungGen      total 42496K, used 10742K [0x00000000e0000000, 0x00000000e4200000, 0x0000000100000000)
  eden space 32256K, 19% used [0x00000000e0000000,0x00000000e0615850,0x00000000e1f80000)
  from space 10240K, 44% used [0x00000000e1f80000,0x00000000e23e8138,0x00000000e2980000)
  to   space 10240K, 0% used [0x00000000e3800000,0x00000000e3800000,0x00000000e4200000)
 ParOldGen       total 62976K, used 7824K [0x00000000a0000000, 0x00000000a3d80000, 0x00000000e0000000)
  object space 62976K, 12% used [0x00000000a0000000,0x00000000a07a4250,0x00000000a3d80000)
 Metaspace       used 26182K, capacity 26610K, committed 27008K, reserved 1073152K
  class space    used 3542K, capacity 3712K, committed 3712K, reserved 1048576K

Card table byte_map: [0x0000000012380000,0x0000000012690000] byte_map_base: 0x0000000011e80000

Marking Bits: (ParMarkBitMap*) 0x000000006d709f30
 Begin Bits: [0x0000000012c90000, 0x0000000014490000)
 End Bits:   [0x0000000014490000, 0x0000000015c90000)

Polling page: 0x0000000002d20000

CodeCache: size=245760Kb used=7663Kb max_used=8101Kb free=238096Kb
 bounds [0x0000000002fc0000, 0x00000000037b0000, 0x0000000011fc0000]
 total_blobs=2640 nmethods=1976 adapters=577
 compilation: enabled

Compilation events (10 events):
Event: 20.240 Thread 0x000000001692f000 2104       3       java.lang.Long::bitCount (61 bytes)
Event: 20.241 Thread 0x000000001692f000 nmethod 2104 0x00000000030f4650 code [0x00000000030f47a0, 0x00000000030f4950]
Event: 20.241 Thread 0x0000000016937800 2105       4       java.lang.Long::bitCount (61 bytes)
Event: 20.242 Thread 0x0000000016937800 nmethod 2105 0x000000000311ae90 code [0x000000000311afc0, 0x000000000311b078]
Event: 20.244 Thread 0x000000001692f000 2106       3       java.util.HashMap::get (23 bytes)
Event: 20.245 Thread 0x000000001692f000 nmethod 2106 0x0000000003174690 code [0x0000000003174820, 0x0000000003174c18]
Event: 20.281 Thread 0x000000001692f000 2107       3       com.google.common.collect.ImmutableCollection$ArrayBasedBuilder::getReadyToExpandTo (64 bytes)
Event: 20.282 Thread 0x000000001692f000 nmethod 2107 0x00000000030cb010 code [0x00000000030cb1c0, 0x00000000030cb708]
Event: 20.324 Thread 0x000000001692c000 2108       4       java.net.URLClassLoader$1::run (5 bytes)
Event: 20.324 Thread 0x0000000016937800 2109   !   4       java.net.URLClassLoader$1::run (63 bytes)

GC Heap History (10 events):
Event: 12.276 GC heap before
{Heap before GC invocations=4 (full 0):
 PSYoungGen      total 38400K, used 38368K [0x00000000e0000000, 0x00000000e2a80000, 0x0000000100000000)
  eden space 33280K, 100% used [0x00000000e0000000,0x00000000e2080000,0x00000000e2080000)
  from space 5120K, 99% used [0x00000000e2080000,0x00000000e2578040,0x00000000e2580000)
  to   space 5120K, 0% used [0x00000000e2580000,0x00000000e2580000,0x00000000e2a80000)
 ParOldGen       total 87552K, used 1859K [0x00000000a0000000, 0x00000000a5580000, 0x00000000e0000000)
  object space 87552K, 2% used [0x00000000a0000000,0x00000000a01d0c08,0x00000000a5580000)
 Metaspace       used 16110K, capacity 16564K, committed 16896K, reserved 1062912K
  class space    used 2290K, capacity 2446K, committed 2560K, reserved 1048576K
Event: 12.287 GC heap after
Heap after GC invocations=4 (full 0):
 PSYoungGen      total 38400K, used 5120K [0x00000000e0000000, 0x00000000e2a80000, 0x0000000100000000)
  eden space 33280K, 0% used [0x00000000e0000000,0x00000000e0000000,0x00000000e2080000)
  from space 5120K, 100% used [0x00000000e2580000,0x00000000e2a80000,0x00000000e2a80000)
  to   space 5120K, 0% used [0x00000000e2080000,0x00000000e2080000,0x00000000e2580000)
 ParOldGen       total 87552K, used 4912K [0x00000000a0000000, 0x00000000a5580000, 0x00000000e0000000)
  object space 87552K, 5% used [0x00000000a0000000,0x00000000a04cc1e0,0x00000000a5580000)
 Metaspace       used 16110K, capacity 16564K, committed 16896K, reserved 1062912K
  class space    used 2290K, capacity 2446K, committed 2560K, reserved 1048576K
}
Event: 16.554 GC heap before
{Heap before GC invocations=5 (full 0):
 PSYoungGen      total 38400K, used 38400K [0x00000000e0000000, 0x00000000e2a80000, 0x0000000100000000)
  eden space 33280K, 100% used [0x00000000e0000000,0x00000000e2080000,0x00000000e2080000)
  from space 5120K, 100% used [0x00000000e2580000,0x00000000e2a80000,0x00000000e2a80000)
  to   space 5120K, 0% used [0x00000000e2080000,0x00000000e2080000,0x00000000e2580000)
 ParOldGen       total 87552K, used 4912K [0x00000000a0000000, 0x00000000a5580000, 0x00000000e0000000)
  object space 87552K, 5% used [0x00000000a0000000,0x00000000a04cc1e0,0x00000000a5580000)
 Metaspace       used 19227K, capacity 19552K, committed 19840K, reserved 1067008K
  class space    used 2781K, capacity 2902K, committed 2944K, reserved 1048576K
Event: 16.563 GC heap after
Heap after GC invocations=5 (full 0):
 PSYoungGen      total 37888K, used 5088K [0x00000000e0000000, 0x00000000e3400000, 0x0000000100000000)
  eden space 32768K, 0% used [0x00000000e0000000,0x00000000e0000000,0x00000000e2000000)
  from space 5120K, 99% used [0x00000000e2080000,0x00000000e2578030,0x00000000e2580000)
  to   space 10240K, 0% used [0x00000000e2a00000,0x00000000e2a00000,0x00000000e3400000)
 ParOldGen       total 87552K, used 8544K [0x00000000a0000000, 0x00000000a5580000, 0x00000000e0000000)
  object space 87552K, 9% used [0x00000000a0000000,0x00000000a0858220,0x00000000a5580000)
 Metaspace       used 19227K, capacity 19552K, committed 19840K, reserved 1067008K
  class space    used 2781K, capacity 2902K, committed 2944K, reserved 1048576K
}
Event: 17.348 GC heap before
{Heap before GC invocations=6 (full 0):
 PSYoungGen      total 37888K, used 15406K [0x00000000e0000000, 0x00000000e3400000, 0x0000000100000000)
  eden space 32768K, 31% used [0x00000000e0000000,0x00000000e0a138d8,0x00000000e2000000)
  from space 5120K, 99% used [0x00000000e2080000,0x00000000e2578030,0x00000000e2580000)
  to   space 10240K, 0% used [0x00000000e2a00000,0x00000000e2a00000,0x00000000e3400000)
 ParOldGen       total 87552K, used 8544K [0x00000000a0000000, 0x00000000a5580000, 0x00000000e0000000)
  object space 87552K, 9% used [0x00000000a0000000,0x00000000a0858220,0x00000000a5580000)
 Metaspace       used 20748K, capacity 21120K, committed 21248K, reserved 1067008K
  class space    used 2922K, capacity 3062K, committed 3072K, reserved 1048576K
Event: 17.359 GC heap after
Heap after GC invocations=6 (full 0):
 PSYoungGen      total 41984K, used 6818K [0x00000000e0000000, 0x00000000e3380000, 0x0000000100000000)
  eden space 32256K, 0% used [0x00000000e0000000,0x00000000e0000000,0x00000000e1f80000)
  from space 9728K, 70% used [0x00000000e2a00000,0x00000000e30a8ae0,0x00000000e3380000)
  to   space 10240K, 0% used [0x00000000e1f80000,0x00000000e1f80000,0x00000000e2980000)
 ParOldGen       total 87552K, used 8552K [0x00000000a0000000, 0x00000000a5580000, 0x00000000e0000000)
  object space 87552K, 9% used [0x00000000a0000000,0x00000000a085a220,0x00000000a5580000)
 Metaspace       used 20748K, capacity 21120K, committed 21248K, reserved 1067008K
  class space    used 2922K, capacity 3062K, committed 3072K, reserved 1048576K
}
Event: 17.359 GC heap before
{Heap before GC invocations=7 (full 1):
 PSYoungGen      total 41984K, used 6818K [0x00000000e0000000, 0x00000000e3380000, 0x0000000100000000)
  eden space 32256K, 0% used [0x00000000e0000000,0x00000000e0000000,0x00000000e1f80000)
  from space 9728K, 70% used [0x00000000e2a00000,0x00000000e30a8ae0,0x00000000e3380000)
  to   space 10240K, 0% used [0x00000000e1f80000,0x00000000e1f80000,0x00000000e2980000)
 ParOldGen       total 87552K, used 8552K [0x00000000a0000000, 0x00000000a5580000, 0x00000000e0000000)
  object space 87552K, 9% used [0x00000000a0000000,0x00000000a085a220,0x00000000a5580000)
 Metaspace       used 20748K, capacity 21120K, committed 21248K, reserved 1067008K
  class space    used 2922K, capacity 3062K, committed 3072K, reserved 1048576K
Event: 17.466 GC heap after
Heap after GC invocations=7 (full 1):
 PSYoungGen      total 41984K, used 0K [0x00000000e0000000, 0x00000000e3380000, 0x0000000100000000)
  eden space 32256K, 0% used [0x00000000e0000000,0x00000000e0000000,0x00000000e1f80000)
  from space 9728K, 0% used [0x00000000e2a00000,0x00000000e2a00000,0x00000000e3380000)
  to   space 10240K, 0% used [0x00000000e1f80000,0x00000000e1f80000,0x00000000e2980000)
 ParOldGen       total 62976K, used 7816K [0x00000000a0000000, 0x00000000a3d80000, 0x00000000e0000000)
  object space 62976K, 12% used [0x00000000a0000000,0x00000000a07a2250,0x00000000a3d80000)
 Metaspace       used 20748K, capacity 21120K, committed 21248K, reserved 1067008K
  class space    used 2922K, capacity 3062K, committed 3072K, reserved 1048576K
}
Event: 19.780 GC heap before
{Heap before GC invocations=8 (full 1):
 PSYoungGen      total 41984K, used 32256K [0x00000000e0000000, 0x00000000e3380000, 0x0000000100000000)
  eden space 32256K, 100% used [0x00000000e0000000,0x00000000e1f80000,0x00000000e1f80000)
  from space 9728K, 0% used [0x00000000e2a00000,0x00000000e2a00000,0x00000000e3380000)
  to   space 10240K, 0% used [0x00000000e1f80000,0x00000000e1f80000,0x00000000e2980000)
 ParOldGen       total 62976K, used 7816K [0x00000000a0000000, 0x00000000a3d80000, 0x00000000e0000000)
  object space 62976K, 12% used [0x00000000a0000000,0x00000000a07a2250,0x00000000a3d80000)
 Metaspace       used 25770K, capacity 26226K, committed 26496K, reserved 1073152K
  class space    used 3471K, capacity 3648K, committed 3712K, reserved 1048576K
Event: 19.785 GC heap after
Heap after GC invocations=8 (full 1):
 PSYoungGen      total 42496K, used 4512K [0x00000000e0000000, 0x00000000e4200000, 0x0000000100000000)
  eden space 32256K, 0% used [0x00000000e0000000,0x00000000e0000000,0x00000000e1f80000)
  from space 10240K, 44% used [0x00000000e1f80000,0x00000000e23e8138,0x00000000e2980000)
  to   space 10240K, 0% used [0x00000000e3800000,0x00000000e3800000,0x00000000e4200000)
 ParOldGen       total 62976K, used 7824K [0x00000000a0000000, 0x00000000a3d80000, 0x00000000e0000000)
  object space 62976K, 12% used [0x00000000a0000000,0x00000000a07a4250,0x00000000a3d80000)
 Metaspace       used 25770K, capacity 26226K, committed 26496K, reserved 1073152K
  class space    used 3471K, capacity 3648K, committed 3712K, reserved 1048576K
}

Deoptimization events (10 events):
Event: 14.249 Thread 0x000000001830a000 Uncommon trap: reason=unstable_if action=reinterpret pc=0x000000000322a6c0 method=java.net.URI.match(CJJ)Z @ 19
Event: 14.600 Thread 0x000000001830a000 Uncommon trap: reason=unstable_if action=reinterpret pc=0x000000000329b5d8 method=java.io.File.getName()Ljava/lang/String; @ 16
Event: 19.099 Thread 0x000000001830a000 Uncommon trap: reason=class_check action=maybe_recompile pc=0x00000000035a17c8 method=sun.misc.URLClassPath.getLoader(I)Lsun/misc/URLClassPath$Loader; @ 94
Event: 19.099 Thread 0x000000001830a000 Uncommon trap: reason=class_check action=maybe_recompile pc=0x0000000003301b6c method=sun.misc.URLClassPath.getResource(Ljava/lang/String;Z)Lsun/misc/Resource; @ 62
Event: 19.099 Thread 0x000000001830a000 Uncommon trap: reason=unstable_if action=reinterpret pc=0x0000000003605028 method=java.lang.String.regionMatches(ZILjava/lang/String;II)Z @ 41
Event: 19.116 Thread 0x000000001830a000 Uncommon trap: reason=unstable_if action=reinterpret pc=0x0000000003485204 method=java.lang.ClassLoader.getClassLoadingLock(Ljava/lang/String;)Ljava/lang/Object; @ 6
Event: 19.152 Thread 0x000000001830a000 Uncommon trap: reason=class_check action=maybe_recompile pc=0x00000000035a19e0 method=sun.misc.URLClassPath.getLoader(I)Lsun/misc/URLClassPath$Loader; @ 239
Event: 19.171 Thread 0x000000001830a000 Uncommon trap: reason=class_check action=maybe_recompile pc=0x00000000035a19e0 method=sun.misc.URLClassPath.getLoader(I)Lsun/misc/URLClassPath$Loader; @ 239
Event: 19.786 Thread 0x0000000016919000 Uncommon trap: reason=unstable_if action=reinterpret pc=0x000000000353433c method=java.lang.ref.Reference.tryHandlePending(Z)Z @ 104
Event: 20.197 Thread 0x000000001830a000 Uncommon trap: reason=unstable_if action=reinterpret pc=0x0000000003481760 method=java.util.HashMap.hash(Ljava/lang/Object;)I @ 1

Classes redefined (0 events):
No events

Internal exceptions (10 events):
Event: 19.292 Thread 0x000000001830a000 Exception <a 'java/lang/ClassNotFoundException': org/gradle/api/internal/project/AbstractPluginAwareCustomizer> (0x00000000e16c3000) thrown at [D:\src\AOSP-openjdk-cygwin\jdk8u\hotspot\src\share\vm\classfile\systemDictionary.cpp, line 210]
Event: 19.295 Thread 0x000000001830a000 Exception <a 'java/lang/ClassNotFoundException': org/gradle/initialization/DefaultSettingsCustomizer> (0x00000000e16f2ef0) thrown at [D:\src\AOSP-openjdk-cygwin\jdk8u\hotspot\src\share\vm\classfile\systemDictionary.cpp, line 210]
Event: 19.302 Thread 0x000000001830a000 Exception <a 'java/lang/ClassNotFoundException': org/gradle/initialization/DefaultSettings_DecoratedCustomizer> (0x00000000e17586e0) thrown at [D:\src\AOSP-openjdk-cygwin\jdk8u\hotspot\src\share\vm\classfile\systemDictionary.cpp, line 210]
Event: 19.505 Thread 0x000000001830a000 Exception <a 'java/lang/ClassNotFoundException': org/gradle/initialization/DefaultProjectDescriptorBeanInfo> (0x00000000e19f4050) thrown at [D:\src\AOSP-openjdk-cygwin\jdk8u\hotspot\src\share\vm\classfile\systemDictionary.cpp, line 210]
Event: 19.505 Thread 0x000000001830a000 Exception <a 'java/lang/ClassNotFoundException': org/gradle/initialization/DefaultProjectDescriptorCustomizer> (0x00000000e1a1eae0) thrown at [D:\src\AOSP-openjdk-cygwin\jdk8u\hotspot\src\share\vm\classfile\systemDictionary.cpp, line 210]
Event: 19.522 Thread 0x0000000018483000 Exception <a 'java/lang/NoSuchMethodError': <clinit>> (0x00000000e000a820) thrown at [D:\src\AOSP-openjdk-cygwin\jdk8u\hotspot\src\share\vm\prims\jni.cpp, line 1614]
Event: 19.524 Thread 0x0000000018483000 Exception <a 'java/lang/NoSuchMethodError': <clinit>> (0x00000000e1ade0e0) thrown at [D:\src\AOSP-openjdk-cygwin\jdk8u\hotspot\src\share\vm\prims\jni.cpp, line 1614]
Event: 19.524 Thread 0x0000000018483000 Exception <a 'java/lang/NoSuchMethodError': <clinit>> (0x00000000e1adedf8) thrown at [D:\src\AOSP-openjdk-cygwin\jdk8u\hotspot\src\share\vm\prims\jni.cpp, line 1614]
Event: 19.524 Thread 0x0000000018483000 Exception <a 'java/lang/NoSuchMethodError': <clinit>> (0x00000000e1ae0330) thrown at [D:\src\AOSP-openjdk-cygwin\jdk8u\hotspot\src\share\vm\prims\jni.cpp, line 1614]
Event: 20.197 Thread 0x000000001830a000 Implicit null exception at 0x0000000003481555 to 0x0000000003481751

Events (10 events):
Event: 20.359 loading class com/google/common/reflect/Types$WildcardTypeImpl
Event: 20.359 loading class com/google/common/reflect/Types$WildcardTypeImpl done
Event: 20.360 loading class org/gradle/model/internal/type/WildcardTypeWrapper
Event: 20.360 loading class org/gradle/model/internal/type/WildcardTypeWrapper done
Event: 20.360 loading class org/gradle/model/internal/type/WildcardWrapper
Event: 20.360 loading class org/gradle/model/internal/type/WildcardWrapper done
Event: 20.361 loading class org/gradle/model/internal/manage/schema/extract/SpecializedMapStrategy
Event: 20.361 loading class org/gradle/model/internal/manage/schema/extract/SpecializedMapStrategy done
Event: 20.380 loading class org/gradle/model/internal/manage/schema/extract/SpecializedMapStrategy$1
Event: 20.380 loading class org/gradle/model/internal/manage/schema/extract/SpecializedMapStrategy$1 done


Dynamic libraries:
0x00007ff773640000 - 0x00007ff773671000 	C:\Program Files\Android\Android Studio\jre\bin\java.exe
0x00007ffb29520000 - 0x00007ffb29701000 	C:\WINDOWS\SYSTEM32\ntdll.dll
0x00007ffb28ae0000 - 0x00007ffb28b91000 	C:\WINDOWS\System32\KERNEL32.DLL
0x00007ffb258d0000 - 0x00007ffb25b43000 	C:\WINDOWS\System32\KERNELBASE.dll
0x00007ffb274d0000 - 0x00007ffb27571000 	C:\WINDOWS\System32\ADVAPI32.dll
0x00007ffb269c0000 - 0x00007ffb26a5e000 	C:\WINDOWS\System32\msvcrt.dll
0x00007ffb28a00000 - 0x00007ffb28a5b000 	C:\WINDOWS\System32\sechost.dll
0x00007ffb26c60000 - 0x00007ffb26d84000 	C:\WINDOWS\System32\RPCRT4.dll
0x00007ffb27110000 - 0x00007ffb272a1000 	C:\WINDOWS\System32\USER32.dll
0x00007ffb25b50000 - 0x00007ffb25b70000 	C:\WINDOWS\System32\win32u.dll
0x00007ffb26990000 - 0x00007ffb269b8000 	C:\WINDOWS\System32\GDI32.dll
0x00007ffb267f0000 - 0x00007ffb26981000 	C:\WINDOWS\System32\gdi32full.dll
0x00007ffb26650000 - 0x00007ffb266ef000 	C:\WINDOWS\System32\msvcp_win.dll
0x00007ffb266f0000 - 0x00007ffb267e8000 	C:\WINDOWS\System32\ucrtbase.dll
0x00007ffb0cc10000 - 0x00007ffb0ce79000 	C:\WINDOWS\WinSxS\amd64_microsoft.windows.common-controls_6595b64144ccf1df_6.0.17134.1184_none_d403e8b37c8ca406\COMCTL32.dll
0x00007ffb290f0000 - 0x00007ffb29411000 	C:\WINDOWS\System32\combase.dll
0x00007ffb25bc0000 - 0x00007ffb25c39000 	C:\WINDOWS\System32\bcryptPrimitives.dll
0x00007ffb289d0000 - 0x00007ffb289fd000 	C:\WINDOWS\System32\IMM32.DLL
0x000000006ce60000 - 0x000000006cf32000 	C:\Program Files\Android\Android Studio\jre\jre\bin\msvcr100.dll
0x000000006cf40000 - 0x000000006d786000 	C:\Program Files\Android\Android Studio\jre\jre\bin\server\jvm.dll
0x00007ffb26ef0000 - 0x00007ffb26ef8000 	C:\WINDOWS\System32\PSAPI.DLL
0x00007ffb21a90000 - 0x00007ffb21ab3000 	C:\WINDOWS\SYSTEM32\WINMM.dll
0x00007ffb22180000 - 0x00007ffb22189000 	C:\WINDOWS\SYSTEM32\WSOCK32.dll
0x00007ffb26f00000 - 0x00007ffb26f6c000 	C:\WINDOWS\System32\WS2_32.dll
0x00007ffb1afb0000 - 0x00007ffb1afba000 	C:\WINDOWS\SYSTEM32\VERSION.dll
0x00007ffb21a60000 - 0x00007ffb21a8a000 	C:\WINDOWS\SYSTEM32\WINMMBASE.dll
0x00007ffb25b70000 - 0x00007ffb25bb9000 	C:\WINDOWS\System32\cfgmgr32.dll
0x00007ffb21fd0000 - 0x00007ffb21fdf000 	C:\Program Files\Android\Android Studio\jre\jre\bin\verify.dll
0x00007ffb211c0000 - 0x00007ffb211e9000 	C:\Program Files\Android\Android Studio\jre\jre\bin\java.dll
0x00007ffb211a0000 - 0x00007ffb211b6000 	C:\Program Files\Android\Android Studio\jre\jre\bin\zip.dll
0x00007ffb27580000 - 0x00007ffb289c5000 	C:\WINDOWS\System32\SHELL32.dll
0x00007ffb26bb0000 - 0x00007ffb26c59000 	C:\WINDOWS\System32\shcore.dll
0x00007ffb25f40000 - 0x00007ffb26650000 	C:\WINDOWS\System32\windows.storage.dll
0x00007ffb29430000 - 0x00007ffb29481000 	C:\WINDOWS\System32\shlwapi.dll
0x00007ffb25860000 - 0x00007ffb25871000 	C:\WINDOWS\System32\kernel.appcore.dll
0x00007ffb25830000 - 0x00007ffb2584f000 	C:\WINDOWS\System32\profapi.dll
0x00007ffb25880000 - 0x00007ffb258cc000 	C:\WINDOWS\System32\powrprof.dll
0x00007ffb25850000 - 0x00007ffb2585a000 	C:\WINDOWS\System32\FLTLIB.DLL
0x00007ffb1b670000 - 0x00007ffb1b68a000 	C:\Program Files\Android\Android Studio\jre\jre\bin\net.dll
0x00007ffb25090000 - 0x00007ffb250f6000 	C:\WINDOWS\system32\mswsock.dll
0x00007ffb1b5b0000 - 0x00007ffb1b5c1000 	C:\Program Files\Android\Android Studio\jre\jre\bin\nio.dll
0x00007ffb102f0000 - 0x00007ffb10316000 	C:\Users\Admin\.gradle\native\29\windows-amd64\native-platform.dll
0x00007ffb21190000 - 0x00007ffb2119d000 	C:\Program Files\Android\Android Studio\jre\jre\bin\management.dll
0x00007ffb25240000 - 0x00007ffb25257000 	C:\WINDOWS\SYSTEM32\CRYPTSP.dll
0x00007ffb24c40000 - 0x00007ffb24c73000 	C:\WINDOWS\system32\rsaenh.dll
0x00007ffb25370000 - 0x00007ffb25395000 	C:\WINDOWS\SYSTEM32\bcrypt.dll
0x00007ffb25710000 - 0x00007ffb25738000 	C:\WINDOWS\SYSTEM32\USERENV.dll
0x00007ffb25260000 - 0x00007ffb2526b000 	C:\WINDOWS\SYSTEM32\CRYPTBASE.dll
0x00007ffb24de0000 - 0x00007ffb24e18000 	C:\WINDOWS\SYSTEM32\IPHLPAPI.DLL
0x00007ffb29420000 - 0x00007ffb29428000 	C:\WINDOWS\System32\NSI.dll
0x00007ffb1d810000 - 0x00007ffb1d826000 	C:\WINDOWS\SYSTEM32\dhcpcsvc6.DLL
0x00007ffb1d1f0000 - 0x00007ffb1d20a000 	C:\WINDOWS\SYSTEM32\dhcpcsvc.DLL

VM Arguments:
jvm_args: -Xmx1536m -Dfile.encoding=windows-1252 -Duser.country=ID -Duser.language=en -Duser.variant 
java_command: org.gradle.launcher.daemon.bootstrap.GradleDaemon 5.4.1
java_class_path (initial): C:\Users\Admin\.gradle\wrapper\dists\gradle-5.4.1-all\3221gyojl5jsh0helicew7rwx\gradle-5.4.1\lib\gradle-launcher-5.4.1.jar
Launcher Type: SUN_STANDARD

Environment Variables:
JAVA_HOME=C:\Program Files\Java\jdk1.7.0_80
PATH=C:\ProgramData\Oracle\Java\javapath;C:\Program Files (x86)\Common Files\Intel\Shared Files\cpp\bin\Intel64;C:\WINDOWS\system32;C:\WINDOWS;C:\WINDOWS\System32\Wbem;C:\WINDOWS\System32\WindowsPowerShell\v1.0\;C:\Program Files (x86)\Windows Live\Shared;C:\Program Files (x86)\ATI Technologies\ATI.ACE\Core-Static;C:\Program Files\Java\jdk1.8.0_201\bin;C:\WINDOWS\System32\OpenSSH\;C:\Program Files\Java\jdk1.7.0_80\bin;D:\Matlab\runtime\win64;D:\Matlab\bin;C:\Program Files\Microsoft SQL Server\130\Tools\Binn\;C:\Program Files\Java\jdk1.8.0_201\bin;C:\Users\Admin\AppData\Local\Programs\Microsoft VS Code\bin;C:\Users\Admin\AppData\Local\Microsoft\WindowsApps;C:\Program Files\Java\jdk1.7.0_80\bin;
USERNAME=Admin
OS=Windows_NT
PROCESSOR_IDENTIFIER=Intel64 Family 6 Model 61 Stepping 4, GenuineIntel



---------------  S Y S T E M  ---------------

OS: Windows 10.0 , 64 bit Build 17134 (10.0.17134.753)

CPU:total 4 (initial active 4) (2 cores per cpu, 2 threads per core) family 6 model 61 stepping 4, cmov, cx8, fxsr, mmx, sse, sse2, sse3, ssse3, sse4.1, sse4.2, popcnt, avx, avx2, aes, clmul, erms, 3dnowpref, lzcnt, ht, tsc, tscinvbit, bmi1, bmi2, adx

Memory: 4k page, physical 8301656k(1557124k free), swap 27392448k(3220k free)

vm_info: OpenJDK 64-Bit Server VM (25.202-b03) for windows-amd64 JRE (1.8.0_202-release-1483-b03), built by "builder" with MS VC++ 10.0 (VS2010)

time: Sat Jan 04 15:17:12 2020
timezone: SE Asia Standard Time
elapsed time: 20 seconds (0d 0h 0m 20s)

