#
# There is insufficient memory for the Java Runtime Environment to continue.
# Native memory allocation (malloc) failed to allocate 135696 bytes for Chunk::new
# Possible reasons:
#   The system is out of physical RAM or swap space
#   The process is running with CompressedOops enabled, and the Java Heap may be blocking the growth of the native heap
# Possible solutions:
#   Reduce memory load on the system
#   Increase physical memory or swap space
#   Check if swap backing store is full
#   Decrease Java heap size (-Xmx/-Xms)
#   Decrease number of Java threads
#   Decrease Java thread stack sizes (-Xss)
#   Set larger code cache with -XX:ReservedCodeCacheSize=
#   JVM is running with Unscaled Compressed Oops mode in which the Java heap is
#     placed in the first 4GB address space. The Java Heap base address is the
#     maximum limit for the native heap growth. Please use -XX:HeapBaseMinAddress
#     to set the Java Heap base and to place the Java Heap above 4GB virtual address.
# This output file may be truncated or incomplete.
#
#  Out of Memory Error (allocation.cpp:389), pid=7048, tid=0x0000000000002b6c
#
# JRE version: OpenJDK Runtime Environment (8.0_202-b03) (build 1.8.0_202-release-1483-b03)
# Java VM: OpenJDK 64-Bit Server VM (25.202-b03 mixed mode windows-amd64 compressed oops)
# Failed to write core dump. Minidumps are not enabled by default on client versions of Windows
#

---------------  T H R E A D  ---------------

Current thread (0x0000000016311800):  JavaThread "C2 CompilerThread1" daemon [_thread_in_native, id=11116, stack(0x0000000017a70000,0x0000000017b70000)]

Stack: [0x0000000017a70000,0x0000000017b70000]
[error occurred during error reporting (printing stack bounds), id 0xc0000005]

Native frames: (J=compiled Java code, j=interpreted, Vv=VM code, C=native code)


Current CompileTask:
C2:   5593 1350 % !   4       java.util.concurrent.ConcurrentHashMap::transfer @ 99 (832 bytes)


---------------  P R O C E S S  ---------------

Java Threads: ( => current thread )
  0x0000000017fea800 JavaThread "Thread-9" [_thread_blocked, id=8288, stack(0x000000001abc0000,0x000000001acc0000)]
  0x0000000017fea000 JavaThread "Stdin handler" [_thread_blocked, id=7008, stack(0x000000001aac0000,0x000000001abc0000)]
  0x0000000017fe9000 JavaThread "Asynchronous log dispatcher for DefaultDaemonConnection: socket connection from /127.0.0.1:65165 to /127.0.0.1:65166" [_thread_blocked, id=6704, stack(0x000000001a9c0000,0x000000001aac0000)]
  0x00000000194ca000 JavaThread "Daemon worker" [_thread_in_native, id=5172, stack(0x000000001a8c0000,0x000000001a9c0000)]
  0x00000000194c9800 JavaThread "Cancel handler" [_thread_blocked, id=10276, stack(0x000000001a7c0000,0x000000001a8c0000)]
  0x0000000018896000 JavaThread "Handler for socket connection from /127.0.0.1:65165 to /127.0.0.1:65166" [_thread_in_native, id=2288, stack(0x000000001a4c0000,0x000000001a5c0000)]
  0x0000000018893800 JavaThread "Daemon" [_thread_blocked, id=9628, stack(0x000000001a3c0000,0x000000001a4c0000)]
  0x0000000018403800 JavaThread "Daemon periodic checks" [_thread_blocked, id=10844, stack(0x000000001a2c0000,0x000000001a3c0000)]
  0x000000001840a000 JavaThread "Incoming local TCP Connector on port 65165" [_thread_in_native, id=9516, stack(0x000000001a080000,0x000000001a180000)]
  0x00000000195b2800 JavaThread "Daemon health stats" [_thread_blocked, id=11080, stack(0x0000000019a40000,0x0000000019b40000)]
  0x000000001636e800 JavaThread "Service Thread" daemon [_thread_blocked, id=5788, stack(0x0000000018070000,0x0000000018170000)]
  0x0000000016323800 JavaThread "C1 CompilerThread2" daemon [_thread_blocked, id=1692, stack(0x0000000017b70000,0x0000000017c70000)]
=>0x0000000016311800 JavaThread "C2 CompilerThread1" daemon [_thread_in_native, id=11116, stack(0x0000000017a70000,0x0000000017b70000)]
  0x000000001630d000 JavaThread "C2 CompilerThread0" daemon [_thread_blocked, id=11376, stack(0x0000000017970000,0x0000000017a70000)]
  0x000000001630b800 JavaThread "Attach Listener" daemon [_thread_blocked, id=6212, stack(0x0000000017870000,0x0000000017970000)]
  0x000000001630a000 JavaThread "Signal Dispatcher" daemon [_thread_blocked, id=11476, stack(0x0000000017770000,0x0000000017870000)]
  0x000000000299b000 JavaThread "Finalizer" daemon [_thread_blocked, id=11144, stack(0x0000000017580000,0x0000000017680000)]
  0x00000000162f9000 JavaThread "Reference Handler" daemon [_thread_blocked, id=8664, stack(0x0000000017480000,0x0000000017580000)]
  0x0000000000a0e000 JavaThread "main" [_thread_blocked, id=10208, stack(0x00000000027a0000,0x00000000028a0000)]

Other Threads:
  0x00000000162d6800 VMThread [stack: 0x0000000017380000,0x0000000017480000] [id=2736]
  0x0000000017ca4000 WatcherThread [stack: 0x0000000018170000,0x0000000018270000] [id=5516]

VM state:not at safepoint (normal execution)

VM Mutex/Monitor currently owned by a thread: None

heap address: 0x00000000a0000000, size: 1536 MB, Compressed Oops mode: 32-bit
Narrow klass base: 0x0000000000000000, Narrow klass shift: 3
Compressed class space size: 1073741824 Address: 0x0000000100000000

Heap:
 PSYoungGen      total 38400K, used 28467K [0x00000000e0000000, 0x00000000e2a80000, 0x0000000100000000)
  eden space 33280K, 71% used [0x00000000e0000000,0x00000000e17514c0,0x00000000e2080000)
  from space 5120K, 89% used [0x00000000e2580000,0x00000000e29fb7c0,0x00000000e2a80000)
  to   space 5120K, 0% used [0x00000000e2080000,0x00000000e2080000,0x00000000e2580000)
 ParOldGen       total 87552K, used 16K [0x00000000a0000000, 0x00000000a5580000, 0x00000000e0000000)
  object space 87552K, 0% used [0x00000000a0000000,0x00000000a0004000,0x00000000a5580000)
 Metaspace       used 12468K, capacity 12906K, committed 13184K, reserved 1060864K
  class space    used 1695K, capacity 1835K, committed 1920K, reserved 1048576K

Card table byte_map: [0x0000000011d60000,0x0000000012070000] byte_map_base: 0x0000000011860000

Marking Bits: (ParMarkBitMap*) 0x0000000051869f30
 Begin Bits: [0x0000000012670000, 0x0000000013e70000)
 End Bits:   [0x0000000013e70000, 0x0000000015670000)

Polling page: 0x00000000009f0000

CodeCache: size=245760Kb used=4707Kb max_used=4719Kb free=241052Kb
 bounds [0x00000000029a0000, 0x0000000002e40000, 0x00000000119a0000]
 total_blobs=1724 nmethods=1350 adapters=287
 compilation: enabled

Compilation events (10 events):
Event: 5.501 Thread 0x0000000016323800 nmethod 1345 0x0000000002e39950 code [0x0000000002e39aa0, 0x0000000002e39bb0]
Event: 5.531 Thread 0x0000000016323800 1347       3       org.gradle.internal.service.RelevantMethods::takesReturnTypeAsParameter (42 bytes)
Event: 5.532 Thread 0x0000000016323800 nmethod 1347 0x0000000002e38b50 code [0x0000000002e38ce0, 0x0000000002e39388]
Event: 5.532 Thread 0x0000000016323800 1348       3       org.gradle.internal.service.DefaultServiceMethodFactory::toServiceMethod (11 bytes)
Event: 5.532 Thread 0x0000000016323800 nmethod 1348 0x0000000002e386d0 code [0x0000000002e38840, 0x0000000002e38a68]
Event: 5.532 Thread 0x0000000016323800 1349   !   3       org.gradle.internal.service.MethodHandleBasedServiceMethodFactory::toServiceMethod (51 bytes)
Event: 5.534 Thread 0x0000000016323800 nmethod 1349 0x0000000002e3a510 code [0x0000000002e3a7a0, 0x0000000002e3b988]
Event: 5.578 Thread 0x0000000016311800 1350 % !   4       java.util.concurrent.ConcurrentHashMap::transfer @ 99 (832 bytes)
Event: 5.583 Thread 0x000000001630d000 1351       4       java.util.concurrent.ConcurrentHashMap::addCount (292 bytes)
Event: 5.589 Thread 0x000000001630d000 nmethod 1351 0x0000000002e36b50 code [0x0000000002e36cc0, 0x0000000002e36ee8]

GC Heap History (4 events):
Event: 2.637 GC heap before
{Heap before GC invocations=1 (full 0):
 PSYoungGen      total 38400K, used 33280K [0x00000000e0000000, 0x00000000e2a80000, 0x0000000100000000)
  eden space 33280K, 100% used [0x00000000e0000000,0x00000000e2080000,0x00000000e2080000)
  from space 5120K, 0% used [0x00000000e2580000,0x00000000e2580000,0x00000000e2a80000)
  to   space 5120K, 0% used [0x00000000e2080000,0x00000000e2080000,0x00000000e2580000)
 ParOldGen       total 87552K, used 0K [0x00000000a0000000, 0x00000000a5580000, 0x00000000e0000000)
  object space 87552K, 0% used [0x00000000a0000000,0x00000000a0000000,0x00000000a5580000)
 Metaspace       used 6954K, capacity 7168K, committed 7424K, reserved 1056768K
  class space    used 850K, capacity 908K, committed 1024K, reserved 1048576K
Event: 2.648 GC heap after
Heap after GC invocations=1 (full 0):
 PSYoungGen      total 38400K, used 4270K [0x00000000e0000000, 0x00000000e2a80000, 0x0000000100000000)
  eden space 33280K, 0% used [0x00000000e0000000,0x00000000e0000000,0x00000000e2080000)
  from space 5120K, 83% used [0x00000000e2080000,0x00000000e24abb30,0x00000000e2580000)
  to   space 5120K, 0% used [0x00000000e2580000,0x00000000e2580000,0x00000000e2a80000)
 ParOldGen       total 87552K, used 8K [0x00000000a0000000, 0x00000000a5580000, 0x00000000e0000000)
  object space 87552K, 0% used [0x00000000a0000000,0x00000000a0002000,0x00000000a5580000)
 Metaspace       used 6954K, capacity 7168K, committed 7424K, reserved 1056768K
  class space    used 850K, capacity 908K, committed 1024K, reserved 1048576K
}
Event: 3.511 GC heap before
{Heap before GC invocations=2 (full 0):
 PSYoungGen      total 38400K, used 37550K [0x00000000e0000000, 0x00000000e2a80000, 0x0000000100000000)
  eden space 33280K, 100% used [0x00000000e0000000,0x00000000e2080000,0x00000000e2080000)
  from space 5120K, 83% used [0x00000000e2080000,0x00000000e24abb30,0x00000000e2580000)
  to   space 5120K, 0% used [0x00000000e2580000,0x00000000e2580000,0x00000000e2a80000)
 ParOldGen       total 87552K, used 8K [0x00000000a0000000, 0x00000000a5580000, 0x00000000e0000000)
  object space 87552K, 0% used [0x00000000a0000000,0x00000000a0002000,0x00000000a5580000)
 Metaspace       used 8945K, capacity 9186K, committed 9216K, reserved 1056768K
  class space    used 1168K, capacity 1257K, committed 1280K, reserved 1048576K
Event: 3.520 GC heap after
Heap after GC invocations=2 (full 0):
 PSYoungGen      total 38400K, used 4589K [0x00000000e0000000, 0x00000000e2a80000, 0x0000000100000000)
  eden space 33280K, 0% used [0x00000000e0000000,0x00000000e0000000,0x00000000e2080000)
  from space 5120K, 89% used [0x00000000e2580000,0x00000000e29fb7c0,0x00000000e2a80000)
  to   space 5120K, 0% used [0x00000000e2080000,0x00000000e2080000,0x00000000e2580000)
 ParOldGen       total 87552K, used 16K [0x00000000a0000000, 0x00000000a5580000, 0x00000000e0000000)
  object space 87552K, 0% used [0x00000000a0000000,0x00000000a0004000,0x00000000a5580000)
 Metaspace       used 8945K, capacity 9186K, committed 9216K, reserved 1056768K
  class space    used 1168K, capacity 1257K, committed 1280K, reserved 1048576K
}

Deoptimization events (10 events):
Event: 3.222 Thread 0x0000000000a0e000 Uncommon trap: reason=class_check action=maybe_recompile pc=0x0000000002c81298 method=java.util.regex.Matcher.match(II)Z @ 86
Event: 3.537 Thread 0x0000000000a0e000 Uncommon trap: reason=unstable_if action=reinterpret pc=0x0000000002c3a1f4 method=java.util.HashMap.getNode(ILjava/lang/Object;)Ljava/util/HashMap$Node; @ 129
Event: 3.537 Thread 0x0000000000a0e000 Uncommon trap: reason=bimorphic action=maybe_recompile pc=0x0000000002c15bb0 method=java.util.HashMap.putVal(ILjava/lang/Object;Ljava/lang/Object;ZZ)Ljava/lang/Object; @ 203
Event: 3.864 Thread 0x0000000000a0e000 Uncommon trap: reason=unstable_if action=reinterpret pc=0x0000000002c66b54 method=java.io.WinNTFileSystem.normalize(Ljava/lang/String;)Ljava/lang/String; @ 128
Event: 3.864 Thread 0x0000000000a0e000 Uncommon trap: reason=unstable_if action=reinterpret pc=0x0000000002cec7b8 method=java.io.WinNTFileSystem.normalize(Ljava/lang/String;II)Ljava/lang/String; @ 90
Event: 4.805 Thread 0x0000000018896000 Uncommon trap: reason=unstable_if action=reinterpret pc=0x0000000002d4c5f0 method=java.util.concurrent.ConcurrentHashMap.putVal(Ljava/lang/Object;Ljava/lang/Object;Z)Ljava/lang/Object; @ 206
Event: 4.965 Thread 0x00000000194ca000 Uncommon trap: reason=bimorphic action=maybe_recompile pc=0x0000000002c150b8 method=java.util.HashMap.putVal(ILjava/lang/Object;Ljava/lang/Object;ZZ)Ljava/lang/Object; @ 253
Event: 4.966 Thread 0x00000000194ca000 Uncommon trap: reason=bimorphic action=maybe_recompile pc=0x0000000002c150b8 method=java.util.HashMap.putVal(ILjava/lang/Object;Ljava/lang/Object;ZZ)Ljava/lang/Object; @ 253
Event: 4.966 Thread 0x00000000194ca000 Uncommon trap: reason=bimorphic action=maybe_recompile pc=0x0000000002c150b8 method=java.util.HashMap.putVal(ILjava/lang/Object;Ljava/lang/Object;ZZ)Ljava/lang/Object; @ 253
Event: 4.966 Thread 0x00000000194ca000 Uncommon trap: reason=bimorphic action=maybe_recompile pc=0x0000000002bfe1bc method=java.util.HashMap.putVal(ILjava/lang/Object;Ljava/lang/Object;ZZ)Ljava/lang/Object; @ 253

Classes redefined (0 events):
No events

Internal exceptions (10 events):
Event: 4.819 Thread 0x0000000018896000 Exception <a 'java/lang/NoSuchMethodError': <clinit>> (0x00000000e0a90550) thrown at [D:\src\AOSP-openjdk-cygwin\jdk8u\hotspot\src\share\vm\prims\jni.cpp, line 1614]
Event: 4.823 Thread 0x0000000018896000 Exception <a 'java/lang/NoSuchMethodError': <clinit>> (0x00000000e0aa3728) thrown at [D:\src\AOSP-openjdk-cygwin\jdk8u\hotspot\src\share\vm\prims\jni.cpp, line 1614]
Event: 4.827 Thread 0x0000000018896000 Exception <a 'java/lang/NoSuchMethodError': <clinit>> (0x00000000e0acaaf8) thrown at [D:\src\AOSP-openjdk-cygwin\jdk8u\hotspot\src\share\vm\prims\jni.cpp, line 1614]
Event: 4.837 Thread 0x0000000018896000 Exception <a 'java/lang/NoSuchMethodError': <clinit>> (0x00000000e0ae2b40) thrown at [D:\src\AOSP-openjdk-cygwin\jdk8u\hotspot\src\share\vm\prims\jni.cpp, line 1614]
Event: 4.838 Thread 0x0000000018896000 Exception <a 'java/lang/NoSuchMethodError': <clinit>> (0x00000000e0aeb7d0) thrown at [D:\src\AOSP-openjdk-cygwin\jdk8u\hotspot\src\share\vm\prims\jni.cpp, line 1614]
Event: 4.840 Thread 0x0000000018896000 Exception <a 'java/lang/NoSuchMethodError': <clinit>> (0x00000000e0b01dc0) thrown at [D:\src\AOSP-openjdk-cygwin\jdk8u\hotspot\src\share\vm\prims\jni.cpp, line 1614]
Event: 4.852 Thread 0x0000000018896000 Exception <a 'java/lang/NoSuchMethodError': <clinit>> (0x00000000e0b5f550) thrown at [D:\src\AOSP-openjdk-cygwin\jdk8u\hotspot\src\share\vm\prims\jni.cpp, line 1614]
Event: 4.879 Thread 0x0000000018896000 Exception <a 'java/lang/NoSuchMethodError': <clinit>> (0x00000000e0b8c1e0) thrown at [D:\src\AOSP-openjdk-cygwin\jdk8u\hotspot\src\share\vm\prims\jni.cpp, line 1614]
Event: 4.890 Thread 0x0000000018896000 Exception <a 'java/lang/NoSuchMethodError': <clinit>> (0x00000000e0bba2a0) thrown at [D:\src\AOSP-openjdk-cygwin\jdk8u\hotspot\src\share\vm\prims\jni.cpp, line 1614]
Event: 4.892 Thread 0x0000000018896000 Exception <a 'java/lang/NoSuchMethodError': <clinit>> (0x00000000e0bc56a8) thrown at [D:\src\AOSP-openjdk-cygwin\jdk8u\hotspot\src\share\vm\prims\jni.cpp, line 1614]

Events (10 events):
Event: 5.584 loading class org/gradle/api/internal/tasks/testing/operations/TestExecutionBuildOperationBuildSessionScopeServices
Event: 5.584 loading class org/gradle/api/internal/tasks/testing/operations/TestExecutionBuildOperationBuildSessionScopeServices done
Event: 5.585 loading class org/gradle/api/internal/tasks/testing/operations/TestListenerBuildOperationAdapter
Event: 5.585 loading class org/gradle/api/internal/tasks/testing/operations/TestListenerBuildOperationAdapter done
Event: 5.586 loading class org/gradle/api/internal/tasks/testing/results/TestListenerInternal
Event: 5.586 loading class org/gradle/api/internal/tasks/testing/results/TestListenerInternal done
Event: 5.587 loading class org/gradle/api/tasks/testing/TestDescriptor
Event: 5.587 loading class org/gradle/api/tasks/testing/TestDescriptor done
Event: 5.588 loading class org/gradle/plugin/use/internal/InjectedPluginClasspath
Event: 5.588 loading class org/gradle/plugin/use/internal/InjectedPluginClasspath done


Dynamic libraries:
0x00007ff6881b0000 - 0x00007ff6881e1000 	C:\Program Files\Android\Android Studio\jre\bin\java.exe
0x00007ffa7c070000 - 0x00007ffa7c251000 	C:\WINDOWS\SYSTEM32\ntdll.dll
0x00007ffa7b610000 - 0x00007ffa7b6c1000 	C:\WINDOWS\System32\KERNEL32.DLL
0x00007ffa78c20000 - 0x00007ffa78e93000 	C:\WINDOWS\System32\KERNELBASE.dll
0x00007ffa7b9e0000 - 0x00007ffa7ba81000 	C:\WINDOWS\System32\ADVAPI32.dll
0x00007ffa7ac20000 - 0x00007ffa7acbe000 	C:\WINDOWS\System32\msvcrt.dll
0x00007ffa7b8a0000 - 0x00007ffa7b8fb000 	C:\WINDOWS\System32\sechost.dll
0x00007ffa7b6d0000 - 0x00007ffa7b7f4000 	C:\WINDOWS\System32\RPCRT4.dll
0x00007ffa7bb50000 - 0x00007ffa7bce1000 	C:\WINDOWS\System32\USER32.dll
0x00007ffa79460000 - 0x00007ffa79480000 	C:\WINDOWS\System32\win32u.dll
0x00007ffa7b9b0000 - 0x00007ffa7b9d8000 	C:\WINDOWS\System32\GDI32.dll
0x00007ffa79050000 - 0x00007ffa791e1000 	C:\WINDOWS\System32\gdi32full.dll
0x00007ffa78b80000 - 0x00007ffa78c1f000 	C:\WINDOWS\System32\msvcp_win.dll
0x00007ffa78f50000 - 0x00007ffa79048000 	C:\WINDOWS\System32\ucrtbase.dll
0x00007ffa62960000 - 0x00007ffa62bc9000 	C:\WINDOWS\WinSxS\amd64_microsoft.windows.common-controls_6595b64144ccf1df_6.0.17134.1184_none_d403e8b37c8ca406\COMCTL32.dll
0x00007ffa7b280000 - 0x00007ffa7b5a1000 	C:\WINDOWS\System32\combase.dll
0x00007ffa791f0000 - 0x00007ffa79269000 	C:\WINDOWS\System32\bcryptPrimitives.dll
0x00007ffa7c010000 - 0x00007ffa7c03d000 	C:\WINDOWS\System32\IMM32.DLL
0x0000000052d80000 - 0x0000000052e52000 	C:\Program Files\Android\Android Studio\jre\jre\bin\msvcr100.dll
0x00000000510a0000 - 0x00000000518e6000 	C:\Program Files\Android\Android Studio\jre\jre\bin\server\jvm.dll
0x00007ffa7ae20000 - 0x00007ffa7ae28000 	C:\WINDOWS\System32\PSAPI.DLL
0x00007ffa73b40000 - 0x00007ffa73b49000 	C:\WINDOWS\SYSTEM32\WSOCK32.dll
0x00007ffa7b830000 - 0x00007ffa7b89c000 	C:\WINDOWS\System32\WS2_32.dll
0x00007ffa6d5a0000 - 0x00007ffa6d5aa000 	C:\WINDOWS\SYSTEM32\VERSION.dll
0x00007ffa72dc0000 - 0x00007ffa72de3000 	C:\WINDOWS\SYSTEM32\WINMM.dll
0x00007ffa72a20000 - 0x00007ffa72a4a000 	C:\WINDOWS\SYSTEM32\WINMMBASE.dll
0x00007ffa78420000 - 0x00007ffa78469000 	C:\WINDOWS\System32\cfgmgr32.dll
0x00007ffa73620000 - 0x00007ffa7362f000 	C:\Program Files\Android\Android Studio\jre\jre\bin\verify.dll
0x00007ffa735f0000 - 0x00007ffa73619000 	C:\Program Files\Android\Android Studio\jre\jre\bin\java.dll
0x00007ffa71270000 - 0x00007ffa71286000 	C:\Program Files\Android\Android Studio\jre\jre\bin\zip.dll
0x00007ffa79560000 - 0x00007ffa7a9a5000 	C:\WINDOWS\System32\SHELL32.dll
0x00007ffa7bcf0000 - 0x00007ffa7bd99000 	C:\WINDOWS\System32\shcore.dll
0x00007ffa78470000 - 0x00007ffa78b80000 	C:\WINDOWS\System32\windows.storage.dll
0x00007ffa7b5b0000 - 0x00007ffa7b601000 	C:\WINDOWS\System32\shlwapi.dll
0x00007ffa783e0000 - 0x00007ffa783f1000 	C:\WINDOWS\System32\kernel.appcore.dll
0x00007ffa783c0000 - 0x00007ffa783df000 	C:\WINDOWS\System32\profapi.dll
0x00007ffa78360000 - 0x00007ffa783ac000 	C:\WINDOWS\System32\powrprof.dll
0x00007ffa783b0000 - 0x00007ffa783ba000 	C:\WINDOWS\System32\FLTLIB.DLL
0x00007ffa71250000 - 0x00007ffa7126a000 	C:\Program Files\Android\Android Studio\jre\jre\bin\net.dll
0x00007ffa77be0000 - 0x00007ffa77c46000 	C:\WINDOWS\system32\mswsock.dll
0x00007ffa71180000 - 0x00007ffa71191000 	C:\Program Files\Android\Android Studio\jre\jre\bin\nio.dll
0x00007ffa593e0000 - 0x00007ffa59406000 	C:\Users\Admin\.gradle\native\29\windows-amd64\native-platform.dll
0x00007ffa72b80000 - 0x00007ffa72b8d000 	C:\Program Files\Android\Android Studio\jre\jre\bin\management.dll
0x00007ffa77d90000 - 0x00007ffa77da7000 	C:\WINDOWS\SYSTEM32\CRYPTSP.dll
0x00007ffa77790000 - 0x00007ffa777c3000 	C:\WINDOWS\system32\rsaenh.dll
0x00007ffa77ec0000 - 0x00007ffa77ee5000 	C:\WINDOWS\SYSTEM32\bcrypt.dll
0x00007ffa78290000 - 0x00007ffa782b8000 	C:\WINDOWS\SYSTEM32\USERENV.dll
0x00007ffa77db0000 - 0x00007ffa77dbb000 	C:\WINDOWS\SYSTEM32\CRYPTBASE.dll
0x00007ffa77930000 - 0x00007ffa77968000 	C:\WINDOWS\SYSTEM32\IPHLPAPI.DLL
0x00007ffa7b800000 - 0x00007ffa7b808000 	C:\WINDOWS\System32\NSI.dll
0x00007ffa73210000 - 0x00007ffa73226000 	C:\WINDOWS\SYSTEM32\dhcpcsvc6.DLL
0x00007ffa732d0000 - 0x00007ffa732ea000 	C:\WINDOWS\SYSTEM32\dhcpcsvc.DLL

VM Arguments:
jvm_args: -Xmx1536m -Dfile.encoding=windows-1252 -Duser.country=ID -Duser.language=en -Duser.variant 
java_command: org.gradle.launcher.daemon.bootstrap.GradleDaemon 5.4.1
java_class_path (initial): C:\Users\Admin\.gradle\wrapper\dists\gradle-5.4.1-all\3221gyojl5jsh0helicew7rwx\gradle-5.4.1\lib\gradle-launcher-5.4.1.jar
Launcher Type: SUN_STANDARD

Environment Variables:
JAVA_HOME=C:\Program Files\Java\jdk1.7.0_80
PATH=C:\ProgramData\Oracle\Java\javapath;C:\Program Files (x86)\Common Files\Intel\Shared Files\cpp\bin\Intel64;C:\WINDOWS\system32;C:\WINDOWS;C:\WINDOWS\System32\Wbem;C:\WINDOWS\System32\WindowsPowerShell\v1.0\;C:\Program Files (x86)\Windows Live\Shared;C:\Program Files (x86)\ATI Technologies\ATI.ACE\Core-Static;C:\Program Files\Java\jdk1.8.0_201\bin;C:\WINDOWS\System32\OpenSSH\;C:\Program Files\Java\jdk1.7.0_80\bin;D:\Matlab\runtime\win64;D:\Matlab\bin;C:\Program Files\Microsoft SQL Server\130\Tools\Binn\;C:\Program Files\Java\jdk1.8.0_201\bin;C:\Users\Admin\AppData\Local\Programs\Microsoft VS Code\bin;C:\Users\Admin\AppData\Local\Microsoft\WindowsApps;C:\Program Files\Java\jdk1.7.0_80\bin;
USERNAME=Admin
OS=Windows_NT
PROCESSOR_IDENTIFIER=Intel64 Family 6 Model 61 Stepping 4, GenuineIntel



---------------  S Y S T E M  ---------------

OS: Windows 10.0 , 64 bit Build 17134 (10.0.17134.753)

CPU:total 4 (initial active 4) (2 cores per cpu, 2 threads per core) family 6 model 61 stepping 4, cmov, cx8, fxsr, mmx, sse, sse2, sse3, ssse3, sse4.1, sse4.2, popcnt, avx, avx2, aes, clmul, erms, 3dnowpref, lzcnt, ht, tsc, tscinvbit, bmi1, bmi2, adx

Memory: 4k page, physical 8301656k(1462968k free), swap 27392448k(4208k free)

vm_info: OpenJDK 64-Bit Server VM (25.202-b03) for windows-amd64 JRE (1.8.0_202-release-1483-b03), built by "builder" with MS VC++ 10.0 (VS2010)

time: Sat Jan 04 18:05:32 2020
timezone: SE Asia Standard Time
elapsed time: 5 seconds (0d 0h 0m 5s)

