#
# There is insufficient memory for the Java Runtime Environment to continue.
# Native memory allocation (malloc) failed to allocate 751632 bytes for Chunk::new
# Possible reasons:
#   The system is out of physical RAM or swap space
#   The process is running with CompressedOops enabled, and the Java Heap may be blocking the growth of the native heap
# Possible solutions:
#   Reduce memory load on the system
#   Increase physical memory or swap space
#   Check if swap backing store is full
#   Decrease Java heap size (-Xmx/-Xms)
#   Decrease number of Java threads
#   Decrease Java thread stack sizes (-Xss)
#   Set larger code cache with -XX:ReservedCodeCacheSize=
#   JVM is running with Unscaled Compressed Oops mode in which the Java heap is
#     placed in the first 4GB address space. The Java Heap base address is the
#     maximum limit for the native heap growth. Please use -XX:HeapBaseMinAddress
#     to set the Java Heap base and to place the Java Heap above 4GB virtual address.
# This output file may be truncated or incomplete.
#
#  Out of Memory Error (allocation.cpp:389), pid=5860, tid=0x00000000000020f8
#
# JRE version: OpenJDK Runtime Environment (8.0_202-b03) (build 1.8.0_202-release-1483-b03)
# Java VM: OpenJDK 64-Bit Server VM (25.202-b03 mixed mode windows-amd64 compressed oops)
# Failed to write core dump. Minidumps are not enabled by default on client versions of Windows
#

---------------  T H R E A D  ---------------

Current thread (0x00000000161fc800):  JavaThread "C2 CompilerThread1" daemon [_thread_in_native, id=8440, stack(0x0000000017940000,0x0000000017a40000)]

Stack: [0x0000000017940000,0x0000000017a40000]
[error occurred during error reporting (printing stack bounds), id 0xc0000005]

Native frames: (J=compiled Java code, j=interpreted, Vv=VM code, C=native code)


Current CompileTask:
C2:   9062 1439   !   4       java.net.URLClassLoader$1::run (63 bytes)


---------------  P R O C E S S  ---------------

Java Threads: ( => current thread )
  0x0000000018afe800 JavaThread "Cache worker for journal cache (C:\Users\Admin\.gradle\caches\journal-1)" [_thread_blocked, id=6212, stack(0x000000001ae90000,0x000000001af90000)]
  0x0000000018af9000 JavaThread "File lock request listener" [_thread_in_native, id=9352, stack(0x000000001ac90000,0x000000001ad90000)]
  0x0000000018afd800 JavaThread "Cache worker for file hash cache (C:\Users\Admin\.gradle\caches\5.4.1\fileHashes)" [_thread_blocked, id=8068, stack(0x000000001ab90000,0x000000001ac90000)]
  0x00000000182a8800 JavaThread "Thread-9" [_thread_blocked, id=4976, stack(0x000000001aa90000,0x000000001ab90000)]
  0x00000000182a1800 JavaThread "Stdin handler" [_thread_blocked, id=8924, stack(0x000000001a990000,0x000000001aa90000)]
  0x0000000017d1b800 JavaThread "Asynchronous log dispatcher for DefaultDaemonConnection: socket connection from /127.0.0.1:50927 to /127.0.0.1:50928" [_thread_blocked, id=2972, stack(0x000000001a890000,0x000000001a990000)]
  0x0000000017d8d000 JavaThread "Daemon worker" [_thread_in_Java, id=4728, stack(0x000000001a790000,0x000000001a890000)]
  0x000000001888a800 JavaThread "Cancel handler" [_thread_blocked, id=10836, stack(0x000000001a690000,0x000000001a790000)]
  0x0000000017ad4000 JavaThread "Handler for socket connection from /127.0.0.1:50927 to /127.0.0.1:50928" [_thread_in_native, id=9608, stack(0x000000001a390000,0x000000001a490000)]
  0x0000000017ace800 JavaThread "Daemon" [_thread_blocked, id=4840, stack(0x000000001a290000,0x000000001a390000)]
  0x000000001828c000 JavaThread "Daemon periodic checks" [_thread_blocked, id=3124, stack(0x000000001a190000,0x000000001a290000)]
  0x0000000018290800 JavaThread "Incoming local TCP Connector on port 50927" [_thread_in_native, id=1036, stack(0x0000000019f50000,0x000000001a050000)]
  0x00000000192ad800 JavaThread "Daemon health stats" [_thread_blocked, id=9984, stack(0x0000000019910000,0x0000000019a10000)]
  0x0000000017a67000 JavaThread "Service Thread" daemon [_thread_blocked, id=968, stack(0x0000000017f40000,0x0000000018040000)]
  0x0000000016203800 JavaThread "C1 CompilerThread2" daemon [_thread_blocked, id=10708, stack(0x0000000017e40000,0x0000000017f40000)]
=>0x00000000161fc800 JavaThread "C2 CompilerThread1" daemon [_thread_in_native, id=8440, stack(0x0000000017940000,0x0000000017a40000)]
  0x00000000161f8800 JavaThread "C2 CompilerThread0" daemon [_thread_in_native, id=10596, stack(0x0000000017840000,0x0000000017940000)]
  0x0000000016206000 JavaThread "Attach Listener" daemon [_thread_blocked, id=8372, stack(0x0000000017740000,0x0000000017840000)]
  0x0000000016205000 JavaThread "Signal Dispatcher" daemon [_thread_blocked, id=10824, stack(0x0000000017640000,0x0000000017740000)]
  0x0000000002885800 JavaThread "Finalizer" daemon [_thread_blocked, id=4108, stack(0x0000000017450000,0x0000000017550000)]
  0x00000000161e9000 JavaThread "Reference Handler" daemon [_thread_blocked, id=4132, stack(0x0000000017350000,0x0000000017450000)]
  0x0000000000d2e800 JavaThread "main" [_thread_blocked, id=4100, stack(0x00000000025e0000,0x00000000026e0000)]

Other Threads:
  0x00000000161c6800 VMThread [stack: 0x0000000017250000,0x0000000017350000] [id=9476]
  0x0000000017a6a000 WatcherThread [stack: 0x0000000018040000,0x0000000018140000] [id=9212]

VM state:not at safepoint (normal execution)

VM Mutex/Monitor currently owned by a thread: None

heap address: 0x00000000a0000000, size: 1536 MB, Compressed Oops mode: 32-bit
Narrow klass base: 0x0000000000000000, Narrow klass shift: 3
Compressed class space size: 1073741824 Address: 0x0000000100000000

Heap:
 PSYoungGen      total 38400K, used 32373K [0x00000000e0000000, 0x00000000e2a80000, 0x0000000100000000)
  eden space 33280K, 81% used [0x00000000e0000000,0x00000000e1aa4f40,0x00000000e2080000)
  from space 5120K, 99% used [0x00000000e2080000,0x00000000e25785e8,0x00000000e2580000)
  to   space 5120K, 0% used [0x00000000e2580000,0x00000000e2580000,0x00000000e2a80000)
 ParOldGen       total 87552K, used 1884K [0x00000000a0000000, 0x00000000a5580000, 0x00000000e0000000)
  object space 87552K, 2% used [0x00000000a0000000,0x00000000a01d7010,0x00000000a5580000)
 Metaspace       used 15470K, capacity 15824K, committed 16000K, reserved 1062912K
  class space    used 2194K, capacity 2350K, committed 2432K, reserved 1048576K

Card table byte_map: [0x0000000011c50000,0x0000000011f60000] byte_map_base: 0x0000000011750000

Marking Bits: (ParMarkBitMap*) 0x0000000066609f30
 Begin Bits: [0x0000000012560000, 0x0000000013d60000)
 End Bits:   [0x0000000013d60000, 0x0000000015560000)

Polling page: 0x0000000000870000

CodeCache: size=245760Kb used=4602Kb max_used=4602Kb free=241157Kb
 bounds [0x0000000002890000, 0x0000000002d20000, 0x0000000011890000]
 total_blobs=1740 nmethods=1352 adapters=301
 compilation: enabled

Compilation events (10 events):
Event: 9.015 Thread 0x0000000016203800 1453       3       com.google.common.base.CharMatcher::indexIn (48 bytes)
Event: 9.015 Thread 0x0000000016203800 nmethod 1453 0x0000000002b44a50 code [0x0000000002b44c20, 0x0000000002b45328]
Event: 9.015 Thread 0x0000000016203800 1454       1       com.google.common.base.CharMatcher$None::matches (2 bytes)
Event: 9.016 Thread 0x0000000016203800 nmethod 1454 0x00000000029f1110 code [0x00000000029f1260, 0x00000000029f1370]
Event: 9.016 Thread 0x0000000016203800 1455       3       com.google.common.base.Preconditions::checkState (13 bytes)
Event: 9.016 Thread 0x0000000016203800 nmethod 1455 0x00000000029f0c90 code [0x00000000029f0e00, 0x00000000029f1028]
Event: 9.017 Thread 0x0000000016203800 1456       3       com.google.common.base.AbstractIterator::hasNext (65 bytes)
Event: 9.017 Thread 0x0000000016203800 nmethod 1456 0x0000000002b44290 code [0x0000000002b44420, 0x0000000002b44858]
Event: 9.018 Thread 0x0000000016203800 1457       3       java.util.Collections$UnmodifiableCollection::<init> (22 bytes)
Event: 9.018 Thread 0x0000000016203800 nmethod 1457 0x0000000002b43d50 code [0x0000000002b43ec0, 0x0000000002b44188]

GC Heap History (6 events):
Event: 6.019 GC heap before
{Heap before GC invocations=1 (full 0):
 PSYoungGen      total 38400K, used 33280K [0x00000000e0000000, 0x00000000e2a80000, 0x0000000100000000)
  eden space 33280K, 100% used [0x00000000e0000000,0x00000000e2080000,0x00000000e2080000)
  from space 5120K, 0% used [0x00000000e2580000,0x00000000e2580000,0x00000000e2a80000)
  to   space 5120K, 0% used [0x00000000e2080000,0x00000000e2080000,0x00000000e2580000)
 ParOldGen       total 87552K, used 0K [0x00000000a0000000, 0x00000000a5580000, 0x00000000e0000000)
  object space 87552K, 0% used [0x00000000a0000000,0x00000000a0000000,0x00000000a5580000)
 Metaspace       used 6957K, capacity 7180K, committed 7424K, reserved 1056768K
  class space    used 850K, capacity 908K, committed 1024K, reserved 1048576K
Event: 6.025 GC heap after
Heap after GC invocations=1 (full 0):
 PSYoungGen      total 38400K, used 4280K [0x00000000e0000000, 0x00000000e2a80000, 0x0000000100000000)
  eden space 33280K, 0% used [0x00000000e0000000,0x00000000e0000000,0x00000000e2080000)
  from space 5120K, 83% used [0x00000000e2080000,0x00000000e24ae298,0x00000000e2580000)
  to   space 5120K, 0% used [0x00000000e2580000,0x00000000e2580000,0x00000000e2a80000)
 ParOldGen       total 87552K, used 8K [0x00000000a0000000, 0x00000000a5580000, 0x00000000e0000000)
  object space 87552K, 0% used [0x00000000a0000000,0x00000000a0002000,0x00000000a5580000)
 Metaspace       used 6957K, capacity 7180K, committed 7424K, reserved 1056768K
  class space    used 850K, capacity 908K, committed 1024K, reserved 1048576K
}
Event: 6.710 GC heap before
{Heap before GC invocations=2 (full 0):
 PSYoungGen      total 38400K, used 37560K [0x00000000e0000000, 0x00000000e2a80000, 0x0000000100000000)
  eden space 33280K, 100% used [0x00000000e0000000,0x00000000e2080000,0x00000000e2080000)
  from space 5120K, 83% used [0x00000000e2080000,0x00000000e24ae298,0x00000000e2580000)
  to   space 5120K, 0% used [0x00000000e2580000,0x00000000e2580000,0x00000000e2a80000)
 ParOldGen       total 87552K, used 8K [0x00000000a0000000, 0x00000000a5580000, 0x00000000e0000000)
  object space 87552K, 0% used [0x00000000a0000000,0x00000000a0002000,0x00000000a5580000)
 Metaspace       used 8942K, capacity 9198K, committed 9472K, reserved 1056768K
  class space    used 1168K, capacity 1257K, committed 1280K, reserved 1048576K
Event: 6.719 GC heap after
Heap after GC invocations=2 (full 0):
 PSYoungGen      total 38400K, used 4573K [0x00000000e0000000, 0x00000000e2a80000, 0x0000000100000000)
  eden space 33280K, 0% used [0x00000000e0000000,0x00000000e0000000,0x00000000e2080000)
  from space 5120K, 89% used [0x00000000e2580000,0x00000000e29f77b0,0x00000000e2a80000)
  to   space 5120K, 0% used [0x00000000e2080000,0x00000000e2080000,0x00000000e2580000)
 ParOldGen       total 87552K, used 16K [0x00000000a0000000, 0x00000000a5580000, 0x00000000e0000000)
  object space 87552K, 0% used [0x00000000a0000000,0x00000000a0004000,0x00000000a5580000)
 Metaspace       used 8942K, capacity 9198K, committed 9472K, reserved 1056768K
  class space    used 1168K, capacity 1257K, committed 1280K, reserved 1048576K
}
Event: 8.429 GC heap before
{Heap before GC invocations=3 (full 0):
 PSYoungGen      total 38400K, used 37853K [0x00000000e0000000, 0x00000000e2a80000, 0x0000000100000000)
  eden space 33280K, 100% used [0x00000000e0000000,0x00000000e2080000,0x00000000e2080000)
  from space 5120K, 89% used [0x00000000e2580000,0x00000000e29f77b0,0x00000000e2a80000)
  to   space 5120K, 0% used [0x00000000e2080000,0x00000000e2080000,0x00000000e2580000)
 ParOldGen       total 87552K, used 16K [0x00000000a0000000, 0x00000000a5580000, 0x00000000e0000000)
  object space 87552K, 0% used [0x00000000a0000000,0x00000000a0004000,0x00000000a5580000)
 Metaspace       used 13320K, capacity 13696K, committed 13824K, reserved 1060864K
  class space    used 1837K, capacity 1956K, committed 2048K, reserved 1048576K
Event: 8.441 GC heap after
Heap after GC invocations=3 (full 0):
 PSYoungGen      total 38400K, used 5089K [0x00000000e0000000, 0x00000000e2a80000, 0x0000000100000000)
  eden space 33280K, 0% used [0x00000000e0000000,0x00000000e0000000,0x00000000e2080000)
  from space 5120K, 99% used [0x00000000e2080000,0x00000000e25785e8,0x00000000e2580000)
  to   space 5120K, 0% used [0x00000000e2580000,0x00000000e2580000,0x00000000e2a80000)
 ParOldGen       total 87552K, used 1884K [0x00000000a0000000, 0x00000000a5580000, 0x00000000e0000000)
  object space 87552K, 2% used [0x00000000a0000000,0x00000000a01d7010,0x00000000a5580000)
 Metaspace       used 13320K, capacity 13696K, committed 13824K, reserved 1060864K
  class space    used 1837K, capacity 1956K, committed 2048K, reserved 1048576K
}

Deoptimization events (10 events):
Event: 7.905 Thread 0x0000000017ad4000 Uncommon trap: reason=unstable_if action=reinterpret pc=0x0000000002c2fc70 method=java.util.concurrent.ConcurrentHashMap.putVal(Ljava/lang/Object;Ljava/lang/Object;Z)Ljava/lang/Object; @ 206
Event: 8.051 Thread 0x0000000017d8d000 Uncommon trap: reason=bimorphic action=maybe_recompile pc=0x0000000002af168c method=java.util.HashMap.putVal(ILjava/lang/Object;Ljava/lang/Object;ZZ)Ljava/lang/Object; @ 253
Event: 8.051 Thread 0x0000000017d8d000 Uncommon trap: reason=bimorphic action=maybe_recompile pc=0x0000000002af168c method=java.util.HashMap.putVal(ILjava/lang/Object;Ljava/lang/Object;ZZ)Ljava/lang/Object; @ 253
Event: 8.051 Thread 0x0000000017d8d000 Uncommon trap: reason=bimorphic action=maybe_recompile pc=0x0000000002af168c method=java.util.HashMap.putVal(ILjava/lang/Object;Ljava/lang/Object;ZZ)Ljava/lang/Object; @ 253
Event: 8.051 Thread 0x0000000017d8d000 Uncommon trap: reason=bimorphic action=maybe_recompile pc=0x0000000002aef8c0 method=java.util.HashMap.putVal(ILjava/lang/Object;Ljava/lang/Object;ZZ)Ljava/lang/Object; @ 253
Event: 8.425 Thread 0x0000000017d8d000 Uncommon trap: reason=class_check action=maybe_recompile pc=0x0000000002b5ded8 method=java.util.regex.Matcher.match(II)Z @ 86
Event: 8.460 Thread 0x0000000017d8d000 Uncommon trap: reason=class_check action=maybe_recompile pc=0x0000000002b5ded8 method=java.util.regex.Matcher.match(II)Z @ 86
Event: 8.462 Thread 0x0000000017d8d000 Uncommon trap: reason=class_check action=maybe_recompile pc=0x0000000002b5ded8 method=java.util.regex.Matcher.match(II)Z @ 86
Event: 8.462 Thread 0x0000000017d8d000 Uncommon trap: reason=class_check action=maybe_recompile pc=0x0000000002b22620 method=java.util.regex.Matcher.match(II)Z @ 86
Event: 8.860 Thread 0x0000000017d8d000 Uncommon trap: reason=unstable_if action=reinterpret pc=0x0000000002c296f4 method=java.lang.String.lastIndexOf([CII[CIII)I @ 66

Classes redefined (0 events):
No events

Internal exceptions (10 events):
Event: 6.691 Thread 0x0000000000d2e800 Exception <a 'java/lang/NoSuchFieldError': method resolution failed> (0x00000000e2026bc0) thrown at [D:\src\AOSP-openjdk-cygwin\jdk8u\hotspot\src\share\vm\prims\methodHandles.cpp, line 1167]
Event: 6.693 Thread 0x0000000000d2e800 Exception <a 'java/lang/NoSuchFieldError': method resolution failed> (0x00000000e20348c0) thrown at [D:\src\AOSP-openjdk-cygwin\jdk8u\hotspot\src\share\vm\prims\methodHandles.cpp, line 1167]
Event: 7.788 Thread 0x0000000000d2e800 Exception <a 'java/io/IOException'> (0x00000000e08269a8) thrown at [D:\src\AOSP-openjdk-cygwin\jdk8u\hotspot\src\share\vm\prims\jni.cpp, line 710]
Event: 7.906 Thread 0x0000000017ad4000 Exception <a 'java/lang/NoSuchMethodError': <clinit>> (0x00000000e0a75478) thrown at [D:\src\AOSP-openjdk-cygwin\jdk8u\hotspot\src\share\vm\prims\jni.cpp, line 1614]
Event: 7.909 Thread 0x0000000017ad4000 Exception <a 'java/lang/NoSuchMethodError': <clinit>> (0x00000000e0a7f228) thrown at [D:\src\AOSP-openjdk-cygwin\jdk8u\hotspot\src\share\vm\prims\jni.cpp, line 1614]
Event: 7.915 Thread 0x0000000017ad4000 Exception <a 'java/lang/NoSuchMethodError': <clinit>> (0x00000000e0a933d8) thrown at [D:\src\AOSP-openjdk-cygwin\jdk8u\hotspot\src\share\vm\prims\jni.cpp, line 1614]
Event: 7.932 Thread 0x0000000017ad4000 Exception <a 'java/lang/NoSuchMethodError': <clinit>> (0x00000000e0aee370) thrown at [D:\src\AOSP-openjdk-cygwin\jdk8u\hotspot\src\share\vm\prims\jni.cpp, line 1614]
Event: 7.979 Thread 0x0000000017ad4000 Exception <a 'java/lang/NoSuchMethodError': <clinit>> (0x00000000e0b26020) thrown at [D:\src\AOSP-openjdk-cygwin\jdk8u\hotspot\src\share\vm\prims\jni.cpp, line 1614]
Event: 7.992 Thread 0x0000000017ad4000 Exception <a 'java/lang/NoSuchMethodError': <clinit>> (0x00000000e0b5c190) thrown at [D:\src\AOSP-openjdk-cygwin\jdk8u\hotspot\src\share\vm\prims\jni.cpp, line 1614]
Event: 7.999 Thread 0x0000000017ad4000 Exception <a 'java/lang/NoSuchMethodError': <clinit>> (0x00000000e0b67c08) thrown at [D:\src\AOSP-openjdk-cygwin\jdk8u\hotspot\src\share\vm\prims\jni.cpp, line 1614]

Events (10 events):
Event: 9.003 loading class com/google/common/base/Splitter$SplittingIterator
Event: 9.003 loading class com/google/common/base/Splitter$SplittingIterator done
Event: 9.003 loading class com/google/common/base/AbstractIterator
Event: 9.003 loading class com/google/common/base/AbstractIterator done
Event: 9.003 loading class com/google/common/base/Splitter$1$1
Event: 9.003 loading class com/google/common/base/Splitter$1$1 done
Event: 9.009 loading class com/google/common/base/AbstractIterator$State
Event: 9.009 loading class com/google/common/base/AbstractIterator$State done
Event: 9.010 loading class com/google/common/base/AbstractIterator$1
Event: 9.010 loading class com/google/common/base/AbstractIterator$1 done


Dynamic libraries:
0x00007ff7144d0000 - 0x00007ff714501000 	C:\Program Files\Android\Android Studio\jre\bin\java.exe
0x00007ff913390000 - 0x00007ff913571000 	C:\WINDOWS\SYSTEM32\ntdll.dll
0x00007ff912f30000 - 0x00007ff912fe1000 	C:\WINDOWS\System32\KERNEL32.DLL
0x00007ff90f7c0000 - 0x00007ff90fa33000 	C:\WINDOWS\System32\KERNELBASE.dll
0x00007ff910c70000 - 0x00007ff910d11000 	C:\WINDOWS\System32\ADVAPI32.dll
0x00007ff912870000 - 0x00007ff91290e000 	C:\WINDOWS\System32\msvcrt.dll
0x00007ff9127e0000 - 0x00007ff91283b000 	C:\WINDOWS\System32\sechost.dll
0x00007ff910950000 - 0x00007ff910a74000 	C:\WINDOWS\System32\RPCRT4.dll
0x00007ff9131c0000 - 0x00007ff913351000 	C:\WINDOWS\System32\USER32.dll
0x00007ff90ff30000 - 0x00007ff90ff50000 	C:\WINDOWS\System32\win32u.dll
0x00007ff910a80000 - 0x00007ff910aa8000 	C:\WINDOWS\System32\GDI32.dll
0x00007ff910660000 - 0x00007ff9107f1000 	C:\WINDOWS\System32\gdi32full.dll
0x00007ff90fe30000 - 0x00007ff90fecf000 	C:\WINDOWS\System32\msvcp_win.dll
0x00007ff90fd30000 - 0x00007ff90fe28000 	C:\WINDOWS\System32\ucrtbase.dll
0x00007ff8f5ce0000 - 0x00007ff8f5f49000 	C:\WINDOWS\WinSxS\amd64_microsoft.windows.common-controls_6595b64144ccf1df_6.0.17134.1184_none_d403e8b37c8ca406\COMCTL32.dll
0x00007ff912170000 - 0x00007ff912491000 	C:\WINDOWS\System32\combase.dll
0x00007ff90f740000 - 0x00007ff90f7b9000 	C:\WINDOWS\System32\bcryptPrimitives.dll
0x00007ff912840000 - 0x00007ff91286d000 	C:\WINDOWS\System32\IMM32.DLL
0x0000000067c10000 - 0x0000000067ce2000 	C:\Program Files\Android\Android Studio\jre\jre\bin\msvcr100.dll
0x0000000065e40000 - 0x0000000066686000 	C:\Program Files\Android\Android Studio\jre\jre\bin\server\jvm.dll
0x00007ff9129c0000 - 0x00007ff9129c8000 	C:\WINDOWS\System32\PSAPI.DLL
0x00007ff904760000 - 0x00007ff904769000 	C:\WINDOWS\SYSTEM32\WSOCK32.dll
0x00007ff912680000 - 0x00007ff9126ec000 	C:\WINDOWS\System32\WS2_32.dll
0x00007ff90b290000 - 0x00007ff90b2b3000 	C:\WINDOWS\SYSTEM32\WINMM.dll
0x00007ff901dc0000 - 0x00007ff901dca000 	C:\WINDOWS\SYSTEM32\VERSION.dll
0x00007ff90b250000 - 0x00007ff90b27a000 	C:\WINDOWS\SYSTEM32\WINMMBASE.dll
0x00007ff90fa40000 - 0x00007ff90fa89000 	C:\WINDOWS\System32\cfgmgr32.dll
0x00007ff8f22b0000 - 0x00007ff8f22bf000 	C:\Program Files\Android\Android Studio\jre\jre\bin\verify.dll
0x00007ff8e4f10000 - 0x00007ff8e4f39000 	C:\Program Files\Android\Android Studio\jre\jre\bin\java.dll
0x00007ff8e4ef0000 - 0x00007ff8e4f06000 	C:\Program Files\Android\Android Studio\jre\jre\bin\zip.dll
0x00007ff910d20000 - 0x00007ff912165000 	C:\WINDOWS\System32\SHELL32.dll
0x00007ff912910000 - 0x00007ff9129b9000 	C:\WINDOWS\System32\shcore.dll
0x00007ff90ff50000 - 0x00007ff910660000 	C:\WINDOWS\System32\windows.storage.dll
0x00007ff9129e0000 - 0x00007ff912a31000 	C:\WINDOWS\System32\shlwapi.dll
0x00007ff90f6a0000 - 0x00007ff90f6b1000 	C:\WINDOWS\System32\kernel.appcore.dll
0x00007ff90f720000 - 0x00007ff90f73f000 	C:\WINDOWS\System32\profapi.dll
0x00007ff90f6d0000 - 0x00007ff90f71c000 	C:\WINDOWS\System32\powrprof.dll
0x00007ff90f6c0000 - 0x00007ff90f6ca000 	C:\WINDOWS\System32\FLTLIB.DLL
0x00007ff8e28c0000 - 0x00007ff8e28da000 	C:\Program Files\Android\Android Studio\jre\jre\bin\net.dll
0x00007ff90ef00000 - 0x00007ff90ef66000 	C:\WINDOWS\system32\mswsock.dll
0x00007ff8f0620000 - 0x00007ff8f0631000 	C:\Program Files\Android\Android Studio\jre\jre\bin\nio.dll
0x00007ff8ff160000 - 0x00007ff8ff186000 	C:\Users\Admin\.gradle\native\29\windows-amd64\native-platform.dll
0x00007ff8f1ab0000 - 0x00007ff8f1abd000 	C:\Program Files\Android\Android Studio\jre\jre\bin\management.dll
0x00007ff90f0b0000 - 0x00007ff90f0c7000 	C:\WINDOWS\SYSTEM32\CRYPTSP.dll
0x00007ff90eab0000 - 0x00007ff90eae3000 	C:\WINDOWS\system32\rsaenh.dll
0x00007ff90f1e0000 - 0x00007ff90f205000 	C:\WINDOWS\SYSTEM32\bcrypt.dll
0x00007ff90f580000 - 0x00007ff90f5a8000 	C:\WINDOWS\SYSTEM32\USERENV.dll
0x00007ff90f0d0000 - 0x00007ff90f0db000 	C:\WINDOWS\SYSTEM32\CRYPTBASE.dll
0x00007ff90ec50000 - 0x00007ff90ec88000 	C:\WINDOWS\SYSTEM32\IPHLPAPI.DLL
0x00007ff9129d0000 - 0x00007ff9129d8000 	C:\WINDOWS\System32\NSI.dll
0x00007ff90aad0000 - 0x00007ff90aae6000 	C:\WINDOWS\SYSTEM32\dhcpcsvc6.DLL
0x00007ff90ab60000 - 0x00007ff90ab7a000 	C:\WINDOWS\SYSTEM32\dhcpcsvc.DLL

VM Arguments:
jvm_args: -Xmx1536m -Dfile.encoding=windows-1252 -Duser.country=ID -Duser.language=en -Duser.variant 
java_command: org.gradle.launcher.daemon.bootstrap.GradleDaemon 5.4.1
java_class_path (initial): C:\Users\Admin\.gradle\wrapper\dists\gradle-5.4.1-all\3221gyojl5jsh0helicew7rwx\gradle-5.4.1\lib\gradle-launcher-5.4.1.jar
Launcher Type: SUN_STANDARD

Environment Variables:
JAVA_HOME=C:\Program Files\Java\jdk1.7.0_80
PATH=C:\ProgramData\Oracle\Java\javapath;C:\Program Files (x86)\Common Files\Intel\Shared Files\cpp\bin\Intel64;C:\WINDOWS\system32;C:\WINDOWS;C:\WINDOWS\System32\Wbem;C:\WINDOWS\System32\WindowsPowerShell\v1.0\;C:\Program Files (x86)\Windows Live\Shared;C:\Program Files (x86)\ATI Technologies\ATI.ACE\Core-Static;C:\Program Files\Java\jdk1.8.0_201\bin;C:\WINDOWS\System32\OpenSSH\;C:\Program Files\Java\jdk1.7.0_80\bin;D:\Matlab\runtime\win64;D:\Matlab\bin;C:\Program Files\Microsoft SQL Server\130\Tools\Binn\;C:\Program Files\Java\jdk1.8.0_201\bin;C:\Users\Admin\AppData\Local\Programs\Microsoft VS Code\bin;C:\Users\Admin\AppData\Local\Microsoft\WindowsApps;C:\Program Files\Java\jdk1.7.0_80\bin;
USERNAME=Admin
OS=Windows_NT
PROCESSOR_IDENTIFIER=Intel64 Family 6 Model 61 Stepping 4, GenuineIntel



---------------  S Y S T E M  ---------------

OS: Windows 10.0 , 64 bit Build 17134 (10.0.17134.753)

CPU:total 4 (initial active 4) (2 cores per cpu, 2 threads per core) family 6 model 61 stepping 4, cmov, cx8, fxsr, mmx, sse, sse2, sse3, ssse3, sse4.1, sse4.2, popcnt, avx, avx2, aes, clmul, erms, 3dnowpref, lzcnt, ht, tsc, tscinvbit, bmi1, bmi2, adx

Memory: 4k page, physical 8301656k(1020644k free), swap 27392448k(5120k free)

vm_info: OpenJDK 64-Bit Server VM (25.202-b03) for windows-amd64 JRE (1.8.0_202-release-1483-b03), built by "builder" with MS VC++ 10.0 (VS2010)

time: Sun Dec 29 16:07:29 2019
timezone: SE Asia Standard Time
elapsed time: 9 seconds (0d 0h 0m 9s)

