#
# There is insufficient memory for the Java Runtime Environment to continue.
# Native memory allocation (malloc) failed to allocate 600656 bytes for Chunk::new
# Possible reasons:
#   The system is out of physical RAM or swap space
#   The process is running with CompressedOops enabled, and the Java Heap may be blocking the growth of the native heap
# Possible solutions:
#   Reduce memory load on the system
#   Increase physical memory or swap space
#   Check if swap backing store is full
#   Decrease Java heap size (-Xmx/-Xms)
#   Decrease number of Java threads
#   Decrease Java thread stack sizes (-Xss)
#   Set larger code cache with -XX:ReservedCodeCacheSize=
#   JVM is running with Unscaled Compressed Oops mode in which the Java heap is
#     placed in the first 4GB address space. The Java Heap base address is the
#     maximum limit for the native heap growth. Please use -XX:HeapBaseMinAddress
#     to set the Java Heap base and to place the Java Heap above 4GB virtual address.
# This output file may be truncated or incomplete.
#
#  Out of Memory Error (allocation.cpp:389), pid=11720, tid=0x0000000000001f48
#
# JRE version: OpenJDK Runtime Environment (8.0_202-b03) (build 1.8.0_202-release-1483-b03)
# Java VM: OpenJDK 64-Bit Server VM (25.202-b03 mixed mode windows-amd64 compressed oops)
# Failed to write core dump. Minidumps are not enabled by default on client versions of Windows
#

---------------  T H R E A D  ---------------

Current thread (0x0000000016b59000):  JavaThread "C2 CompilerThread0" daemon [_thread_in_native, id=8008, stack(0x0000000018190000,0x0000000018290000)]

Stack: [0x0000000018190000,0x0000000018290000]
[error occurred during error reporting (printing stack bounds), id 0xc0000005]

Native frames: (J=compiled Java code, j=interpreted, Vv=VM code, C=native code)


Current CompileTask:
C2:  11733 3505   !   4       java.security.SecureClassLoader::getProtectionDomain (114 bytes)


---------------  P R O C E S S  ---------------

Java Threads: ( => current thread )
  0x000000001f51d000 JavaThread "Cache worker for Build Output Cleanup Cache (D:\PPB\recycleview\.gradle\buildOutputCleanup)" [_thread_blocked, id=6460, stack(0x0000000022c00000,0x0000000022d00000)]
  0x000000001f523000 JavaThread "Build operations Thread 4" [_thread_blocked, id=10808, stack(0x0000000022700000,0x0000000022800000)]
  0x000000001f51b800 JavaThread "Build operations Thread 3" [_thread_blocked, id=6384, stack(0x0000000022600000,0x0000000022700000)]
  0x000000001f51e800 JavaThread "Build operations Thread 2" [_thread_blocked, id=9664, stack(0x0000000022500000,0x0000000022600000)]
  0x000000001f522000 JavaThread "Build operations" [_thread_blocked, id=10468, stack(0x0000000020ff0000,0x00000000210f0000)]
  0x000000001f521800 JavaThread "Cache worker for execution history cache (C:\Users\Admin\.gradle\caches\5.4.1\executionHistory)" [_thread_blocked, id=9208, stack(0x0000000020cc0000,0x0000000020dc0000)]
  0x000000001f51d800 JavaThread "Cache worker for cache directory md-rule (C:\Users\Admin\.gradle\caches\5.4.1\md-rule)" [_thread_blocked, id=11064, stack(0x0000000020bc0000,0x0000000020cc0000)]
  0x00000000194f3800 JavaThread "Cache worker for cache directory md-supplier (C:\Users\Admin\.gradle\caches\5.4.1\md-supplier)" [_thread_blocked, id=9796, stack(0x0000000020200000,0x0000000020300000)]
  0x00000000194f7800 JavaThread "Cache worker for file hash cache (D:\PPB\recycleview\.gradle\5.4.1\fileHashes)" [_thread_blocked, id=6580, stack(0x000000001ea50000,0x000000001eb50000)]
  0x00000000194f6800 JavaThread "Cache worker for journal cache (C:\Users\Admin\.gradle\caches\journal-1)" [_thread_blocked, id=7096, stack(0x000000001b9e0000,0x000000001bae0000)]
  0x00000000194f5000 JavaThread "File lock request listener" [_thread_in_native, id=10824, stack(0x000000001b5e0000,0x000000001b6e0000)]
  0x00000000194f6000 JavaThread "Cache worker for file hash cache (C:\Users\Admin\.gradle\caches\5.4.1\fileHashes)" [_thread_blocked, id=2124, stack(0x000000001b4e0000,0x000000001b5e0000)]
  0x0000000018799800 JavaThread "Thread-9" [_thread_blocked, id=2452, stack(0x000000001b3e0000,0x000000001b4e0000)]
  0x0000000018532800 JavaThread "Stdin handler" [_thread_blocked, id=11428, stack(0x000000001b2e0000,0x000000001b3e0000)]
  0x0000000018531800 JavaThread "Asynchronous log dispatcher for DefaultDaemonConnection: socket connection from /127.0.0.1:65183 to /127.0.0.1:65184" [_thread_blocked, id=8744, stack(0x000000001b1e0000,0x000000001b2e0000)]
  0x0000000018b5e000 JavaThread "Daemon worker" [_thread_in_native, id=8728, stack(0x000000001b0e0000,0x000000001b1e0000)]
  0x0000000019e14000 JavaThread "Cancel handler" [_thread_blocked, id=9196, stack(0x000000001afe0000,0x000000001b0e0000)]
  0x0000000018543800 JavaThread "Handler for socket connection from /127.0.0.1:65183 to /127.0.0.1:65184" [_thread_in_native, id=12252, stack(0x000000001ace0000,0x000000001ade0000)]
  0x0000000018540800 JavaThread "Daemon periodic checks" [_thread_blocked, id=10628, stack(0x000000001abe0000,0x000000001ace0000)]
  0x000000001853e000 JavaThread "Daemon" [_thread_blocked, id=6816, stack(0x000000001a9a0000,0x000000001aaa0000)]
  0x0000000018c17000 JavaThread "Incoming local TCP Connector on port 65183" [_thread_in_native, id=10496, stack(0x000000001a8a0000,0x000000001a9a0000)]
  0x00000000199a8800 JavaThread "Daemon health stats" [_thread_blocked, id=9400, stack(0x000000001a260000,0x000000001a360000)]
  0x00000000184b8800 JavaThread "Service Thread" daemon [_thread_blocked, id=12260, stack(0x0000000018890000,0x0000000018990000)]
  0x0000000016b50000 JavaThread "C1 CompilerThread2" daemon [_thread_blocked, id=5632, stack(0x0000000018390000,0x0000000018490000)]
  0x0000000016b4d000 JavaThread "C2 CompilerThread1" daemon [_thread_in_native, id=10312, stack(0x0000000018290000,0x0000000018390000)]
=>0x0000000016b59000 JavaThread "C2 CompilerThread0" daemon [_thread_in_native, id=8008, stack(0x0000000018190000,0x0000000018290000)]
  0x0000000016b57800 JavaThread "Attach Listener" daemon [_thread_blocked, id=7564, stack(0x0000000018090000,0x0000000018190000)]
  0x0000000016b56000 JavaThread "Signal Dispatcher" daemon [_thread_blocked, id=12128, stack(0x0000000017f90000,0x0000000018090000)]
  0x00000000031db000 JavaThread "Finalizer" daemon [_thread_blocked, id=9440, stack(0x0000000017da0000,0x0000000017ea0000)]
  0x0000000016b39000 JavaThread "Reference Handler" daemon [_thread_blocked, id=11912, stack(0x0000000017ca0000,0x0000000017da0000)]
  0x00000000030de000 JavaThread "main" [_thread_blocked, id=6540, stack(0x0000000002fb0000,0x00000000030b0000)]

Other Threads:
  0x0000000016b17000 VMThread [stack: 0x0000000017ba0000,0x0000000017ca0000] [id=6904]
  0x00000000184bb000 WatcherThread [stack: 0x0000000018990000,0x0000000018a90000] [id=5924]

VM state:not at safepoint (normal execution)

VM Mutex/Monitor currently owned by a thread: None

heap address: 0x00000000a0000000, size: 1536 MB, Compressed Oops mode: 32-bit
Narrow klass base: 0x0000000000000000, Narrow klass shift: 3
Compressed class space size: 1073741824 Address: 0x0000000100000000

Heap:
 PSYoungGen      total 142848K, used 48309K [0x00000000e0000000, 0x00000000ed000000, 0x0000000100000000)
  eden space 130048K, 37% used [0x00000000e0000000,0x00000000e2f2d7b0,0x00000000e7f00000)
  from space 12800K, 0% used [0x00000000ec380000,0x00000000ec380000,0x00000000ed000000)
  to   space 9728K, 0% used [0x00000000e7f00000,0x00000000e7f00000,0x00000000e8880000)
 ParOldGen       total 77312K, used 15913K [0x00000000a0000000, 0x00000000a4b80000, 0x00000000e0000000)
  object space 77312K, 20% used [0x00000000a0000000,0x00000000a0f8a4b8,0x00000000a4b80000)
 Metaspace       used 41190K, capacity 42026K, committed 42280K, reserved 1085440K
  class space    used 5580K, capacity 5825K, committed 5928K, reserved 1048576K

Card table byte_map: [0x00000000125a0000,0x00000000128b0000] byte_map_base: 0x00000000120a0000

Marking Bits: (ParMarkBitMap*) 0x0000000051869f30
 Begin Bits: [0x0000000012eb0000, 0x00000000146b0000)
 End Bits:   [0x00000000146b0000, 0x0000000015eb0000)

Polling page: 0x0000000002f50000

CodeCache: size=245760Kb used=10903Kb max_used=10911Kb free=234856Kb
 bounds [0x00000000031e0000, 0x0000000003c90000, 0x00000000121e0000]
 total_blobs=3991 nmethods=3255 adapters=649
 compilation: enabled

Compilation events (10 events):
Event: 11.684 Thread 0x0000000016b50000 3544       3       java.lang.invoke.LambdaForm$Name::internArguments (59 bytes)
Event: 11.684 Thread 0x0000000016b50000 nmethod 3544 0x0000000003c77bd0 code [0x0000000003c77d80, 0x0000000003c784e8]
Event: 11.684 Thread 0x0000000016b50000 3546       3       java.lang.invoke.LambdaForm$DMH/1975358023::invokeStatic_LL_L (15 bytes)
Event: 11.684 Thread 0x0000000016b50000 nmethod 3546 0x0000000003c786d0 code [0x0000000003c78860, 0x0000000003c78df8]
Event: 11.693 Thread 0x0000000016b50000 3547       1       org.gradle.internal.instantiation.AbstractClassGenerator$GeneratedClassImpl::getConstructors (5 bytes)
Event: 11.693 Thread 0x0000000016b50000 nmethod 3547 0x0000000003c60850 code [0x0000000003c609a0, 0x0000000003c60ab0]
Event: 11.695 Thread 0x0000000016b4d000 nmethod 3516 0x0000000003c7d010 code [0x0000000003c7d220, 0x0000000003c7e650]
Event: 11.695 Thread 0x0000000016b4d000 3534       4       jdk.internal.org.objectweb.asm.Type::getArgumentsAndReturnSizes (151 bytes)
Event: 11.702 Thread 0x0000000016b4d000 nmethod 3534 0x0000000003c79390 code [0x0000000003c79500, 0x0000000003c799d8]
Event: 11.702 Thread 0x0000000016b4d000 3548       4       com.google.common.collect.ImmutableList::listIterator (30 bytes)

GC Heap History (10 events):
Event: 7.196 GC heap before
{Heap before GC invocations=6 (full 1):
 PSYoungGen      total 71168K, used 5102K [0x00000000e0000000, 0x00000000e9300000, 0x0000000100000000)
  eden space 66048K, 0% used [0x00000000e0000000,0x00000000e0000000,0x00000000e4080000)
  from space 5120K, 99% used [0x00000000e4080000,0x00000000e457bbd0,0x00000000e4580000)
  to   space 9216K, 0% used [0x00000000e8a00000,0x00000000e8a00000,0x00000000e9300000)
 ParOldGen       total 87552K, used 11015K [0x00000000a0000000, 0x00000000a5580000, 0x00000000e0000000)
  object space 87552K, 12% used [0x00000000a0000000,0x00000000a0ac1f18,0x00000000a5580000)
 Metaspace       used 20719K, capacity 21142K, committed 21296K, reserved 1067008K
  class space    used 2955K, capacity 3119K, committed 3200K, reserved 1048576K
Event: 7.241 GC heap after
Heap after GC invocations=6 (full 1):
 PSYoungGen      total 71168K, used 0K [0x00000000e0000000, 0x00000000e9300000, 0x0000000100000000)
  eden space 66048K, 0% used [0x00000000e0000000,0x00000000e0000000,0x00000000e4080000)
  from space 5120K, 0% used [0x00000000e4080000,0x00000000e4080000,0x00000000e4580000)
  to   space 9216K, 0% used [0x00000000e8a00000,0x00000000e8a00000,0x00000000e9300000)
 ParOldGen       total 61440K, used 10964K [0x00000000a0000000, 0x00000000a3c00000, 0x00000000e0000000)
  object space 61440K, 17% used [0x00000000a0000000,0x00000000a0ab5208,0x00000000a3c00000)
 Metaspace       used 20719K, capacity 21142K, committed 21296K, reserved 1067008K
  class space    used 2955K, capacity 3119K, committed 3200K, reserved 1048576K
}
Event: 8.864 GC heap before
{Heap before GC invocations=7 (full 1):
 PSYoungGen      total 71168K, used 66048K [0x00000000e0000000, 0x00000000e9300000, 0x0000000100000000)
  eden space 66048K, 100% used [0x00000000e0000000,0x00000000e4080000,0x00000000e4080000)
  from space 5120K, 0% used [0x00000000e4080000,0x00000000e4080000,0x00000000e4580000)
  to   space 9216K, 0% used [0x00000000e8a00000,0x00000000e8a00000,0x00000000e9300000)
 ParOldGen       total 61440K, used 10964K [0x00000000a0000000, 0x00000000a3c00000, 0x00000000e0000000)
  object space 61440K, 17% used [0x00000000a0000000,0x00000000a0ab5208,0x00000000a3c00000)
 Metaspace       used 29095K, capacity 29610K, committed 29952K, reserved 1075200K
  class space    used 3933K, capacity 4096K, committed 4096K, reserved 1048576K
Event: 8.883 GC heap after
Heap after GC invocations=7 (full 1):
 PSYoungGen      total 119296K, used 8039K [0x00000000e0000000, 0x00000000e9200000, 0x0000000100000000)
  eden space 111104K, 0% used [0x00000000e0000000,0x00000000e0000000,0x00000000e6c80000)
  from space 8192K, 98% used [0x00000000e8a00000,0x00000000e91d9e48,0x00000000e9200000)
  to   space 9728K, 0% used [0x00000000e7f00000,0x00000000e7f00000,0x00000000e8880000)
 ParOldGen       total 61440K, used 10972K [0x00000000a0000000, 0x00000000a3c00000, 0x00000000e0000000)
  object space 61440K, 17% used [0x00000000a0000000,0x00000000a0ab7208,0x00000000a3c00000)
 Metaspace       used 29095K, capacity 29610K, committed 29952K, reserved 1075200K
  class space    used 3933K, capacity 4096K, committed 4096K, reserved 1048576K
}
Event: 10.863 GC heap before
{Heap before GC invocations=8 (full 1):
 PSYoungGen      total 119296K, used 119143K [0x00000000e0000000, 0x00000000e9200000, 0x0000000100000000)
  eden space 111104K, 100% used [0x00000000e0000000,0x00000000e6c80000,0x00000000e6c80000)
  from space 8192K, 98% used [0x00000000e8a00000,0x00000000e91d9e48,0x00000000e9200000)
  to   space 9728K, 0% used [0x00000000e7f00000,0x00000000e7f00000,0x00000000e8880000)
 ParOldGen       total 61440K, used 10972K [0x00000000a0000000, 0x00000000a3c00000, 0x00000000e0000000)
  object space 61440K, 17% used [0x00000000a0000000,0x00000000a0ab7208,0x00000000a3c00000)
 Metaspace       used 34563K, capacity 35222K, committed 35456K, reserved 1079296K
  class space    used 4762K, capacity 4948K, committed 4992K, reserved 1048576K
Event: 10.891 GC heap after
Heap after GC invocations=8 (full 1):
 PSYoungGen      total 139776K, used 9697K [0x00000000e0000000, 0x00000000ed000000, 0x0000000100000000)
  eden space 130048K, 0% used [0x00000000e0000000,0x00000000e0000000,0x00000000e7f00000)
  from space 9728K, 99% used [0x00000000e7f00000,0x00000000e8878718,0x00000000e8880000)
  to   space 12800K, 0% used [0x00000000ec380000,0x00000000ec380000,0x00000000ed000000)
 ParOldGen       total 61440K, used 14513K [0x00000000a0000000, 0x00000000a3c00000, 0x00000000e0000000)
  object space 61440K, 23% used [0x00000000a0000000,0x00000000a0e2c580,0x00000000a3c00000)
 Metaspace       used 34563K, capacity 35222K, committed 35456K, reserved 1079296K
  class space    used 4762K, capacity 4948K, committed 4992K, reserved 1048576K
}
Event: 10.973 GC heap before
{Heap before GC invocations=9 (full 1):
 PSYoungGen      total 139776K, used 16744K [0x00000000e0000000, 0x00000000ed000000, 0x0000000100000000)
  eden space 130048K, 5% used [0x00000000e0000000,0x00000000e06e1bc0,0x00000000e7f00000)
  from space 9728K, 99% used [0x00000000e7f00000,0x00000000e8878718,0x00000000e8880000)
  to   space 12800K, 0% used [0x00000000ec380000,0x00000000ec380000,0x00000000ed000000)
 ParOldGen       total 61440K, used 14513K [0x00000000a0000000, 0x00000000a3c00000, 0x00000000e0000000)
  object space 61440K, 23% used [0x00000000a0000000,0x00000000a0e2c580,0x00000000a3c00000)
 Metaspace       used 34715K, capacity 35416K, committed 35496K, reserved 1079296K
  class space    used 4785K, capacity 4993K, committed 5032K, reserved 1048576K
Event: 10.989 GC heap after
Heap after GC invocations=9 (full 1):
 PSYoungGen      total 142848K, used 8802K [0x00000000e0000000, 0x00000000ed000000, 0x0000000100000000)
  eden space 130048K, 0% used [0x00000000e0000000,0x00000000e0000000,0x00000000e7f00000)
  from space 12800K, 68% used [0x00000000ec380000,0x00000000ecc18a90,0x00000000ed000000)
  to   space 9728K, 0% used [0x00000000e7f00000,0x00000000e7f00000,0x00000000e8880000)
 ParOldGen       total 61440K, used 14521K [0x00000000a0000000, 0x00000000a3c00000, 0x00000000e0000000)
  object space 61440K, 23% used [0x00000000a0000000,0x00000000a0e2e580,0x00000000a3c00000)
 Metaspace       used 34715K, capacity 35416K, committed 35496K, reserved 1079296K
  class space    used 4785K, capacity 4993K, committed 5032K, reserved 1048576K
}
Event: 10.989 GC heap before
{Heap before GC invocations=10 (full 2):
 PSYoungGen      total 142848K, used 8802K [0x00000000e0000000, 0x00000000ed000000, 0x0000000100000000)
  eden space 130048K, 0% used [0x00000000e0000000,0x00000000e0000000,0x00000000e7f00000)
  from space 12800K, 68% used [0x00000000ec380000,0x00000000ecc18a90,0x00000000ed000000)
  to   space 9728K, 0% used [0x00000000e7f00000,0x00000000e7f00000,0x00000000e8880000)
 ParOldGen       total 61440K, used 14521K [0x00000000a0000000, 0x00000000a3c00000, 0x00000000e0000000)
  object space 61440K, 23% used [0x00000000a0000000,0x00000000a0e2e580,0x00000000a3c00000)
 Metaspace       used 34715K, capacity 35416K, committed 35496K, reserved 1079296K
  class space    used 4785K, capacity 4993K, committed 5032K, reserved 1048576K
Event: 11.083 GC heap after
Heap after GC invocations=10 (full 2):
 PSYoungGen      total 142848K, used 0K [0x00000000e0000000, 0x00000000ed000000, 0x0000000100000000)
  eden space 130048K, 0% used [0x00000000e0000000,0x00000000e0000000,0x00000000e7f00000)
  from space 12800K, 0% used [0x00000000ec380000,0x00000000ec380000,0x00000000ed000000)
  to   space 9728K, 0% used [0x00000000e7f00000,0x00000000e7f00000,0x00000000e8880000)
 ParOldGen       total 77312K, used 15913K [0x00000000a0000000, 0x00000000a4b80000, 0x00000000e0000000)
  object space 77312K, 20% used [0x00000000a0000000,0x00000000a0f8a4b8,0x00000000a4b80000)
 Metaspace       used 34710K, capacity 35398K, committed 35496K, reserved 1079296K
  class space    used 4784K, capacity 4990K, committed 5032K, reserved 1048576K
}

Deoptimization events (10 events):
Event: 8.884 Thread 0x0000000016b39000 Uncommon trap: reason=unstable_if action=reinterpret pc=0x00000000037e057c method=java.lang.ref.Reference.tryHandlePending(Z)Z @ 104
Event: 8.889 Thread 0x0000000018b5e000 Uncommon trap: reason=class_check action=maybe_recompile pc=0x00000000037d2434 method=sun.misc.URLClassPath.getLoader(I)Lsun/misc/URLClassPath$Loader; @ 94
Event: 8.895 Thread 0x0000000018b5e000 Uncommon trap: reason=class_check action=maybe_recompile pc=0x00000000037cfb40 method=sun.misc.URLClassPath.getLoader(I)Lsun/misc/URLClassPath$Loader; @ 239
Event: 9.010 Thread 0x0000000018b5e000 Uncommon trap: reason=unstable_if action=reinterpret pc=0x000000000348f50c method=java.io.WinNTFileSystem.resolve(Ljava/lang/String;Ljava/lang/String;)Ljava/lang/String; @ 49
Event: 9.037 Thread 0x0000000018b5e000 Uncommon trap: reason=unstable_if action=reinterpret pc=0x0000000003a1a1f4 method=org.codehaus.groovy.runtime.metaclass.MetaMethodIndex.addMethodToList(Ljava/lang/Object;Lgroovy/lang/MetaMethod;)Ljava/lang/Object; @ 226
Event: 10.190 Thread 0x0000000018b5e000 Uncommon trap: reason=class_check action=maybe_recompile pc=0x0000000003308860 method=java.util.concurrent.ConcurrentHashMap.putVal(Ljava/lang/Object;Ljava/lang/Object;Z)Ljava/lang/Object; @ 192
Event: 10.237 Thread 0x000000001f523000 Uncommon trap: reason=class_check action=maybe_recompile pc=0x0000000003308860 method=java.util.concurrent.ConcurrentHashMap.putVal(Ljava/lang/Object;Ljava/lang/Object;Z)Ljava/lang/Object; @ 192
Event: 10.305 Thread 0x0000000018b5e000 Uncommon trap: reason=class_check action=maybe_recompile pc=0x0000000003308860 method=java.util.concurrent.ConcurrentHashMap.putVal(Ljava/lang/Object;Ljava/lang/Object;Z)Ljava/lang/Object; @ 192
Event: 11.167 Thread 0x0000000018b5e000 Uncommon trap: reason=unstable_if action=reinterpret pc=0x00000000037b7d38 method=java.io.BufferedInputStream.read([BII)I @ 56
Event: 11.271 Thread 0x0000000018b5e000 Uncommon trap: reason=unstable_if action=reinterpret pc=0x0000000003865a90 method=sun.misc.MetaIndex.mayContain(Ljava/lang/String;)Z @ 38

Classes redefined (0 events):
No events

Internal exceptions (10 events):
Event: 10.903 Thread 0x0000000018b5e000 Exception <a 'java/lang/ClassNotFoundException': org/gradle/api/internal/AbstractTaskBeanInfo> (0x00000000e014ddb0) thrown at [D:\src\AOSP-openjdk-cygwin\jdk8u\hotspot\src\share\vm\classfile\systemDictionary.cpp, line 210]
Event: 10.904 Thread 0x0000000018b5e000 Exception <a 'java/lang/ClassNotFoundException': org/gradle/api/internal/AbstractTaskCustomizer> (0x00000000e017cd90) thrown at [D:\src\AOSP-openjdk-cygwin\jdk8u\hotspot\src\share\vm\classfile\systemDictionary.cpp, line 210]
Event: 10.908 Thread 0x0000000018b5e000 Exception <a 'java/lang/ClassNotFoundException': org/gradle/api/DefaultTaskCustomizer> (0x00000000e0205398) thrown at [D:\src\AOSP-openjdk-cygwin\jdk8u\hotspot\src\share\vm\classfile\systemDictionary.cpp, line 210]
Event: 10.909 Thread 0x0000000018b5e000 Exception <a 'java/lang/ClassNotFoundException': org/gradle/api/internal/ConventionTaskCustomizer> (0x00000000e0243820) thrown at [D:\src\AOSP-openjdk-cygwin\jdk8u\hotspot\src\share\vm\classfile\systemDictionary.cpp, line 210]
Event: 10.911 Thread 0x0000000018b5e000 Exception <a 'java/lang/ClassNotFoundException': org/gradle/api/tasks/DeleteCustomizer> (0x00000000e027f218) thrown at [D:\src\AOSP-openjdk-cygwin\jdk8u\hotspot\src\share\vm\classfile\systemDictionary.cpp, line 210]
Event: 10.913 Thread 0x0000000018b5e000 Exception <a 'java/lang/ClassNotFoundException': org/gradle/api/tasks/Delete_DecoratedCustomizer> (0x00000000e02c7cb0) thrown at [D:\src\AOSP-openjdk-cygwin\jdk8u\hotspot\src\share\vm\classfile\systemDictionary.cpp, line 210]
Event: 10.936 Thread 0x0000000018b5e000 Exception <a 'java/lang/ClassNotFoundException': build_3vr34mpb7gkgkfd38b0sbc4a6BeanInfo> (0x00000000e03b9748) thrown at [D:\src\AOSP-openjdk-cygwin\jdk8u\hotspot\src\share\vm\classfile\systemDictionary.cpp, line 210]
Event: 10.937 Thread 0x0000000018b5e000 Exception <a 'java/lang/ClassNotFoundException': build_3vr34mpb7gkgkfd38b0sbc4a6Customizer> (0x00000000e03c5328) thrown at [D:\src\AOSP-openjdk-cygwin\jdk8u\hotspot\src\share\vm\classfile\systemDictionary.cpp, line 210]
Event: 10.941 Thread 0x0000000018b5e000 Exception <a 'java/lang/ClassNotFoundException': org/gradle/api/internal/plugins/DefaultObjectConfigurationActionBeanInfo> (0x00000000e0434260) thrown at [D:\src\AOSP-openjdk-cygwin\jdk8u\hotspot\src\share\vm\classfile\systemDictionary.cpp, line 210]
Event: 10.942 Thread 0x0000000018b5e000 Exception <a 'java/lang/ClassNotFoundException': org/gradle/api/internal/plugins/DefaultObjectConfigurationActionCustomizer> (0x00000000e0471400) thrown at [D:\src\AOSP-openjdk-cygwin\jdk8u\hotspot\src\share\vm\classfile\systemDictionary.cpp, line 210]

Events (10 events):
Event: 11.693 loading class org/gradle/api/internal/plugins/UploadRule
Event: 11.693 loading class org/gradle/api/internal/plugins/UploadRule done
Event: 11.694 loading class org/gradle/api/plugins/BasePlugin$2
Event: 11.694 loading class org/gradle/api/plugins/BasePlugin$2 done
Event: 11.695 loading class org/gradle/api/internal/artifacts/ivyservice/projectmodule/ProjectPublication
Event: 11.695 loading class org/gradle/api/internal/artifacts/ivyservice/projectmodule/ProjectPublication done
Event: 11.695 loading class org/gradle/api/internal/tasks/DefaultRealizableTaskCollection
Event: 11.695 loading class org/gradle/api/internal/tasks/DefaultRealizableTaskCollection done
Event: 11.697 Executing VM operation: ForceSafepoint
Event: 11.698 Executing VM operation: ForceSafepoint done


Dynamic libraries:
0x00007ff6881b0000 - 0x00007ff6881e1000 	C:\Program Files\Android\Android Studio\jre\bin\java.exe
0x00007ffa7c070000 - 0x00007ffa7c251000 	C:\WINDOWS\SYSTEM32\ntdll.dll
0x00007ffa7b610000 - 0x00007ffa7b6c1000 	C:\WINDOWS\System32\KERNEL32.DLL
0x00007ffa78c20000 - 0x00007ffa78e93000 	C:\WINDOWS\System32\KERNELBASE.dll
0x00007ffa7b9e0000 - 0x00007ffa7ba81000 	C:\WINDOWS\System32\ADVAPI32.dll
0x00007ffa7ac20000 - 0x00007ffa7acbe000 	C:\WINDOWS\System32\msvcrt.dll
0x00007ffa7b8a0000 - 0x00007ffa7b8fb000 	C:\WINDOWS\System32\sechost.dll
0x00007ffa7b6d0000 - 0x00007ffa7b7f4000 	C:\WINDOWS\System32\RPCRT4.dll
0x00007ffa7bb50000 - 0x00007ffa7bce1000 	C:\WINDOWS\System32\USER32.dll
0x00007ffa79460000 - 0x00007ffa79480000 	C:\WINDOWS\System32\win32u.dll
0x00007ffa7b9b0000 - 0x00007ffa7b9d8000 	C:\WINDOWS\System32\GDI32.dll
0x00007ffa79050000 - 0x00007ffa791e1000 	C:\WINDOWS\System32\gdi32full.dll
0x00007ffa78b80000 - 0x00007ffa78c1f000 	C:\WINDOWS\System32\msvcp_win.dll
0x00007ffa78f50000 - 0x00007ffa79048000 	C:\WINDOWS\System32\ucrtbase.dll
0x00007ffa62960000 - 0x00007ffa62bc9000 	C:\WINDOWS\WinSxS\amd64_microsoft.windows.common-controls_6595b64144ccf1df_6.0.17134.1184_none_d403e8b37c8ca406\COMCTL32.dll
0x00007ffa7b280000 - 0x00007ffa7b5a1000 	C:\WINDOWS\System32\combase.dll
0x00007ffa791f0000 - 0x00007ffa79269000 	C:\WINDOWS\System32\bcryptPrimitives.dll
0x00007ffa7c010000 - 0x00007ffa7c03d000 	C:\WINDOWS\System32\IMM32.DLL
0x0000000052d80000 - 0x0000000052e52000 	C:\Program Files\Android\Android Studio\jre\jre\bin\msvcr100.dll
0x00000000510a0000 - 0x00000000518e6000 	C:\Program Files\Android\Android Studio\jre\jre\bin\server\jvm.dll
0x00007ffa7ae20000 - 0x00007ffa7ae28000 	C:\WINDOWS\System32\PSAPI.DLL
0x00007ffa6d5a0000 - 0x00007ffa6d5aa000 	C:\WINDOWS\SYSTEM32\VERSION.dll
0x00007ffa72dc0000 - 0x00007ffa72de3000 	C:\WINDOWS\SYSTEM32\WINMM.dll
0x00007ffa72a20000 - 0x00007ffa72a4a000 	C:\WINDOWS\SYSTEM32\WINMMBASE.dll
0x00007ffa78420000 - 0x00007ffa78469000 	C:\WINDOWS\System32\cfgmgr32.dll
0x00007ffa73b40000 - 0x00007ffa73b49000 	C:\WINDOWS\SYSTEM32\WSOCK32.dll
0x00007ffa7b830000 - 0x00007ffa7b89c000 	C:\WINDOWS\System32\ws2_32.DLL
0x00007ffa73620000 - 0x00007ffa7362f000 	C:\Program Files\Android\Android Studio\jre\jre\bin\verify.dll
0x00007ffa735f0000 - 0x00007ffa73619000 	C:\Program Files\Android\Android Studio\jre\jre\bin\java.dll
0x00007ffa71270000 - 0x00007ffa71286000 	C:\Program Files\Android\Android Studio\jre\jre\bin\zip.dll
0x00007ffa79560000 - 0x00007ffa7a9a5000 	C:\WINDOWS\System32\SHELL32.dll
0x00007ffa7bcf0000 - 0x00007ffa7bd99000 	C:\WINDOWS\System32\shcore.dll
0x00007ffa78470000 - 0x00007ffa78b80000 	C:\WINDOWS\System32\windows.storage.dll
0x00007ffa7b5b0000 - 0x00007ffa7b601000 	C:\WINDOWS\System32\shlwapi.dll
0x00007ffa783e0000 - 0x00007ffa783f1000 	C:\WINDOWS\System32\kernel.appcore.dll
0x00007ffa783c0000 - 0x00007ffa783df000 	C:\WINDOWS\System32\profapi.dll
0x00007ffa78360000 - 0x00007ffa783ac000 	C:\WINDOWS\System32\powrprof.dll
0x00007ffa783b0000 - 0x00007ffa783ba000 	C:\WINDOWS\System32\FLTLIB.DLL
0x00007ffa71250000 - 0x00007ffa7126a000 	C:\Program Files\Android\Android Studio\jre\jre\bin\net.dll
0x00007ffa77be0000 - 0x00007ffa77c46000 	C:\WINDOWS\system32\mswsock.dll
0x00007ffa71180000 - 0x00007ffa71191000 	C:\Program Files\Android\Android Studio\jre\jre\bin\nio.dll
0x00007ffa593e0000 - 0x00007ffa59406000 	C:\Users\Admin\.gradle\native\29\windows-amd64\native-platform.dll
0x00007ffa72b80000 - 0x00007ffa72b8d000 	C:\Program Files\Android\Android Studio\jre\jre\bin\management.dll
0x00007ffa77d90000 - 0x00007ffa77da7000 	C:\WINDOWS\SYSTEM32\CRYPTSP.dll
0x00007ffa77790000 - 0x00007ffa777c3000 	C:\WINDOWS\system32\rsaenh.dll
0x00007ffa77ec0000 - 0x00007ffa77ee5000 	C:\WINDOWS\SYSTEM32\bcrypt.dll
0x00007ffa78290000 - 0x00007ffa782b8000 	C:\WINDOWS\SYSTEM32\USERENV.dll
0x00007ffa77db0000 - 0x00007ffa77dbb000 	C:\WINDOWS\SYSTEM32\CRYPTBASE.dll
0x00007ffa77930000 - 0x00007ffa77968000 	C:\WINDOWS\SYSTEM32\IPHLPAPI.DLL
0x00007ffa7b800000 - 0x00007ffa7b808000 	C:\WINDOWS\System32\NSI.dll
0x00007ffa73210000 - 0x00007ffa73226000 	C:\WINDOWS\SYSTEM32\dhcpcsvc6.DLL
0x00007ffa732d0000 - 0x00007ffa732ea000 	C:\WINDOWS\SYSTEM32\dhcpcsvc.DLL

VM Arguments:
jvm_args: -Xmx1536m -Dfile.encoding=windows-1252 -Duser.country=ID -Duser.language=en -Duser.variant 
java_command: org.gradle.launcher.daemon.bootstrap.GradleDaemon 5.4.1
java_class_path (initial): C:\Users\Admin\.gradle\wrapper\dists\gradle-5.4.1-all\3221gyojl5jsh0helicew7rwx\gradle-5.4.1\lib\gradle-launcher-5.4.1.jar
Launcher Type: SUN_STANDARD

Environment Variables:
JAVA_HOME=C:\Program Files\Java\jdk1.7.0_80
PATH=C:\ProgramData\Oracle\Java\javapath;C:\Program Files (x86)\Common Files\Intel\Shared Files\cpp\bin\Intel64;C:\WINDOWS\system32;C:\WINDOWS;C:\WINDOWS\System32\Wbem;C:\WINDOWS\System32\WindowsPowerShell\v1.0\;C:\Program Files (x86)\Windows Live\Shared;C:\Program Files (x86)\ATI Technologies\ATI.ACE\Core-Static;C:\Program Files\Java\jdk1.8.0_201\bin;C:\WINDOWS\System32\OpenSSH\;C:\Program Files\Java\jdk1.7.0_80\bin;D:\Matlab\runtime\win64;D:\Matlab\bin;C:\Program Files\Microsoft SQL Server\130\Tools\Binn\;C:\Program Files\Java\jdk1.8.0_201\bin;C:\Users\Admin\AppData\Local\Programs\Microsoft VS Code\bin;C:\Users\Admin\AppData\Local\Microsoft\WindowsApps;C:\Program Files\Java\jdk1.7.0_80\bin;
USERNAME=Admin
OS=Windows_NT
PROCESSOR_IDENTIFIER=Intel64 Family 6 Model 61 Stepping 4, GenuineIntel



---------------  S Y S T E M  ---------------

OS: Windows 10.0 , 64 bit Build 17134 (10.0.17134.753)

CPU:total 4 (initial active 4) (2 cores per cpu, 2 threads per core) family 6 model 61 stepping 4, cmov, cx8, fxsr, mmx, sse, sse2, sse3, ssse3, sse4.1, sse4.2, popcnt, avx, avx2, aes, clmul, erms, 3dnowpref, lzcnt, ht, tsc, tscinvbit, bmi1, bmi2, adx

Memory: 4k page, physical 8301656k(1347516k free), swap 27392448k(5580k free)

vm_info: OpenJDK 64-Bit Server VM (25.202-b03) for windows-amd64 JRE (1.8.0_202-release-1483-b03), built by "builder" with MS VC++ 10.0 (VS2010)

time: Sat Jan 04 18:05:56 2020
timezone: SE Asia Standard Time
elapsed time: 11 seconds (0d 0h 0m 11s)

